2025-06-11T05:48:39.178+05:30  WARN 3692 --- [StockManagement] [HikariPool-1 housekeeper] com.zaxxer.hikari.pool.HikariPool        : HikariPool-1 - Thread starvation or clock leap detected (housekeeper delta=6h7m56s640ms944µs800ns).
2025-06-11T05:51:51.618+05:30  INFO 3692 --- [StockManagement] [AsyncResolver-bootstrap-executor-%d] c.n.d.s.r.aws.ConfigClusterResolver      : Resolving eureka endpoints via configuration
2025-06-11T05:56:51.632+05:30  INFO 3692 --- [StockManagement] [AsyncResolver-bootstrap-executor-%d] c.n.d.s.r.aws.ConfigClusterResolver      : Resolving eureka endpoints via configuration
2025-06-11T06:01:51.635+05:30  INFO 3692 --- [StockManagement] [AsyncResolver-bootstrap-executor-%d] c.n.d.s.r.aws.ConfigClusterResolver      : Resolving eureka endpoints via configuration
2025-06-11T06:06:54.939+05:30  INFO 3692 --- [StockManagement] [AsyncResolver-bootstrap-executor-%d] c.n.d.s.r.aws.ConfigClusterResolver      : Resolving eureka endpoints via configuration
2025-06-11T06:22:35.597+05:30  WARN 3692 --- [StockManagement] [HikariPool-1 housekeeper] com.zaxxer.hikari.pool.HikariPool        : HikariPool-1 - Thread starvation or clock leap detected (housekeeper delta=11m22s638ms423µs100ns).
2025-06-11T06:22:47.586+05:30  INFO 3692 --- [StockManagement] [AsyncResolver-bootstrap-executor-%d] c.n.d.s.r.aws.ConfigClusterResolver      : Resolving eureka endpoints via configuration
2025-06-11T06:27:47.595+05:30  INFO 3692 --- [StockManagement] [AsyncResolver-bootstrap-executor-%d] c.n.d.s.r.aws.ConfigClusterResolver      : Resolving eureka endpoints via configuration
2025-06-11T06:32:47.609+05:30  INFO 3692 --- [StockManagement] [AsyncResolver-bootstrap-executor-%d] c.n.d.s.r.aws.ConfigClusterResolver      : Resolving eureka endpoints via configuration
2025-06-11T06:37:47.621+05:30  INFO 3692 --- [StockManagement] [AsyncResolver-bootstrap-executor-%d] c.n.d.s.r.aws.ConfigClusterResolver      : Resolving eureka endpoints via configuration
2025-06-11T06:42:47.635+05:30  INFO 3692 --- [StockManagement] [AsyncResolver-bootstrap-executor-%d] c.n.d.s.r.aws.ConfigClusterResolver      : Resolving eureka endpoints via configuration
2025-06-11T06:47:47.652+05:30  INFO 3692 --- [StockManagement] [AsyncResolver-bootstrap-executor-%d] c.n.d.s.r.aws.ConfigClusterResolver      : Resolving eureka endpoints via configuration
2025-06-11T07:04:34.986+05:30  WARN 3692 --- [StockManagement] [HikariPool-1 housekeeper] com.zaxxer.hikari.pool.HikariPool        : HikariPool-1 - Thread starvation or clock leap detected (housekeeper delta=14m58s960ms183µs100ns).
2025-06-11T07:07:16.610+05:30  INFO 3692 --- [StockManagement] [AsyncResolver-bootstrap-executor-%d] c.n.d.s.r.aws.ConfigClusterResolver      : Resolving eureka endpoints via configuration
2025-06-11T07:12:16.626+05:30  INFO 3692 --- [StockManagement] [AsyncResolver-bootstrap-executor-%d] c.n.d.s.r.aws.ConfigClusterResolver      : Resolving eureka endpoints via configuration
2025-06-11T08:19:41.820+05:30  WARN 3692 --- [StockManagement] [HikariPool-1 housekeeper] com.zaxxer.hikari.pool.HikariPool        : HikariPool-1 - Thread starvation or clock leap detected (housekeeper delta=1h5m36s713ms746µs600ns).
2025-06-11T08:22:23.347+05:30  INFO 3692 --- [StockManagement] [AsyncResolver-bootstrap-executor-%d] c.n.d.s.r.aws.ConfigClusterResolver      : Resolving eureka endpoints via configuration
2025-06-11T08:27:23.357+05:30  INFO 3692 --- [StockManagement] [AsyncResolver-bootstrap-executor-%d] c.n.d.s.r.aws.ConfigClusterResolver      : Resolving eureka endpoints via configuration
2025-06-11T08:32:23.363+05:30  INFO 3692 --- [StockManagement] [AsyncResolver-bootstrap-executor-%d] c.n.d.s.r.aws.ConfigClusterResolver      : Resolving eureka endpoints via configuration
2025-06-11T08:37:23.364+05:30  INFO 3692 --- [StockManagement] [AsyncResolver-bootstrap-executor-%d] c.n.d.s.r.aws.ConfigClusterResolver      : Resolving eureka endpoints via configuration
2025-06-11T08:42:23.380+05:30  INFO 3692 --- [StockManagement] [AsyncResolver-bootstrap-executor-%d] c.n.d.s.r.aws.ConfigClusterResolver      : Resolving eureka endpoints via configuration
2025-06-11T08:47:23.382+05:30  INFO 3692 --- [StockManagement] [AsyncResolver-bootstrap-executor-%d] c.n.d.s.r.aws.ConfigClusterResolver      : Resolving eureka endpoints via configuration
2025-06-11T08:52:23.387+05:30  INFO 3692 --- [StockManagement] [AsyncResolver-bootstrap-executor-%d] c.n.d.s.r.aws.ConfigClusterResolver      : Resolving eureka endpoints via configuration
2025-06-11T09:05:36.745+05:30  WARN 3692 --- [StockManagement] [HikariPool-1 housekeeper] com.zaxxer.hikari.pool.HikariPool        : HikariPool-1 - Thread starvation or clock leap detected (housekeeper delta=9m54s341ms832µs200ns).
2025-06-11T09:06:47.738+05:30  INFO 3692 --- [StockManagement] [AsyncResolver-bootstrap-executor-%d] c.n.d.s.r.aws.ConfigClusterResolver      : Resolving eureka endpoints via configuration
2025-06-11T09:09:24.202+05:30  INFO 3692 --- [StockManagement] [http-nio-1112-exec-1] com.cts.wios.service.StockServiceImpl    : Getting stocks by zone ID: 18
2025-06-11T09:09:24.438+05:30  INFO 3692 --- [StockManagement] [http-nio-1112-exec-1] com.cts.wios.service.StockServiceImpl    : Stocks by zone ID retrieved successfully: StockZoneResponseDTO(stock=[Stock(stockId=14, stockName=Apple, stockCategory=Fruits, stockQuantity=100, zoneId=18, vendorId=12), Stock(stockId=15, stockName=Straw berry, stockCategory=fruits, stockQuantity=20, zoneId=18, vendorId=14)], zone=Zone(zoneId=18, zoneName=Fruits Zone, zoneCapacity=1000, availableSpace=860))
2025-06-11T09:09:31.011+05:30  INFO 3692 --- [StockManagement] [http-nio-1112-exec-9] com.cts.wios.service.StockServiceImpl    : Getting stocks by zone ID: 15
2025-06-11T09:09:31.091+05:30  INFO 3692 --- [StockManagement] [http-nio-1112-exec-9] com.cts.wios.service.StockServiceImpl    : Stocks by zone ID retrieved successfully: StockZoneResponseDTO(stock=[], zone=Zone(zoneId=15, zoneName=danger zone, zoneCapacity=1000, availableSpace=1000))
2025-06-11T09:09:37.453+05:30  INFO 3692 --- [StockManagement] [http-nio-1112-exec-6] com.cts.wios.service.StockServiceImpl    : Getting stocks by zone ID: 20
2025-06-11T09:09:37.476+05:30  INFO 3692 --- [StockManagement] [http-nio-1112-exec-6] com.cts.wios.service.StockServiceImpl    : Stocks by zone ID retrieved successfully: StockZoneResponseDTO(stock=[Stock(stockId=16, stockName=charger cables, stockCategory=wires, stockQuantity=10, zoneId=20, vendorId=9)], zone=Zone(zoneId=20, zoneName=Electronics Zone, zoneCapacity=1000, availableSpace=990))
2025-06-11T09:09:49.527+05:30  INFO 3692 --- [StockManagement] [http-nio-1112-exec-10] com.cts.wios.service.StockServiceImpl    : Getting all stocks
2025-06-11T09:09:57.095+05:30  INFO 3692 --- [StockManagement] [http-nio-1112-exec-3] com.cts.wios.service.StockServiceImpl    : Getting all stocks
2025-06-11T09:11:47.747+05:30  INFO 3692 --- [StockManagement] [AsyncResolver-bootstrap-executor-%d] c.n.d.s.r.aws.ConfigClusterResolver      : Resolving eureka endpoints via configuration
2025-06-11T09:12:33.560+05:30  INFO 3692 --- [StockManagement] [http-nio-1112-exec-8] com.cts.wios.service.StockServiceImpl    : Getting all stocks
2025-06-11T09:12:33.601+05:30  INFO 3692 --- [StockManagement] [http-nio-1112-exec-5] com.cts.wios.service.StockServiceImpl    : Viewing stock with ID: 13
2025-06-11T09:12:33.606+05:30  INFO 3692 --- [StockManagement] [http-nio-1112-exec-4] com.cts.wios.service.StockServiceImpl    : Viewing stock with ID: 15
2025-06-11T09:12:33.611+05:30  INFO 3692 --- [StockManagement] [http-nio-1112-exec-2] com.cts.wios.service.StockServiceImpl    : Viewing stock with ID: 14
2025-06-11T09:12:33.611+05:30  INFO 3692 --- [StockManagement] [http-nio-1112-exec-5] com.cts.wios.service.StockServiceImpl    : Stock found: Stock(stockId=13, stockName=Beetroot, stockCategory=Vegetable, stockQuantity=9, zoneId=19, vendorId=10)
2025-06-11T09:12:33.611+05:30  INFO 3692 --- [StockManagement] [http-nio-1112-exec-4] com.cts.wios.service.StockServiceImpl    : Stock found: Stock(stockId=15, stockName=Straw berry, stockCategory=fruits, stockQuantity=20, zoneId=18, vendorId=14)
2025-06-11T09:12:33.617+05:30  INFO 3692 --- [StockManagement] [http-nio-1112-exec-2] com.cts.wios.service.StockServiceImpl    : Stock found: Stock(stockId=14, stockName=Apple, stockCategory=Fruits, stockQuantity=100, zoneId=18, vendorId=12)
2025-06-11T09:12:33.624+05:30  INFO 3692 --- [StockManagement] [http-nio-1112-exec-1] com.cts.wios.service.StockServiceImpl    : Viewing stock with ID: 13
2025-06-11T09:12:33.624+05:30  INFO 3692 --- [StockManagement] [http-nio-1112-exec-1] com.cts.wios.service.StockServiceImpl    : Stock found: Stock(stockId=13, stockName=Beetroot, stockCategory=Vegetable, stockQuantity=9, zoneId=19, vendorId=10)
2025-06-11T09:12:34.854+05:30  INFO 3692 --- [StockManagement] [http-nio-1112-exec-9] com.cts.wios.service.StockServiceImpl    : Getting all stocks
2025-06-11T09:13:17.662+05:30  INFO 3692 --- [StockManagement] [http-nio-1112-exec-6] com.cts.wios.service.StockServiceImpl    : Getting all stocks
2025-06-11T09:14:08.310+05:30  INFO 3692 --- [StockManagement] [http-nio-1112-exec-7] com.cts.wios.service.StockServiceImpl    : Getting all stocks
2025-06-11T09:14:25.119+05:30  INFO 3692 --- [StockManagement] [http-nio-1112-exec-8] com.cts.wios.service.StockServiceImpl    : Getting all stocks
2025-06-11T09:14:41.035+05:30  INFO 3692 --- [StockManagement] [http-nio-1112-exec-4] com.cts.wios.service.StockServiceImpl    : Getting all stocks
2025-06-11T09:16:02.142+05:30  INFO 3692 --- [StockManagement] [http-nio-1112-exec-2] com.cts.wios.service.StockServiceImpl    : Getting all stocks
2025-06-11T09:16:10.039+05:30  INFO 3692 --- [StockManagement] [http-nio-1112-exec-1] com.cts.wios.service.StockServiceImpl    : Getting all stocks
2025-06-11T09:16:25.335+05:30  INFO 3692 --- [StockManagement] [http-nio-1112-exec-9] com.cts.wios.service.StockServiceImpl    : Getting all stocks
2025-06-11T09:16:47.759+05:30  INFO 3692 --- [StockManagement] [AsyncResolver-bootstrap-executor-%d] c.n.d.s.r.aws.ConfigClusterResolver      : Resolving eureka endpoints via configuration
2025-06-11T09:18:59.421+05:30  INFO 3692 --- [StockManagement] [http-nio-1112-exec-10] com.cts.wios.service.StockServiceImpl    : Getting all stocks
2025-06-11T09:19:38.164+05:30  INFO 3692 --- [StockManagement] [http-nio-1112-exec-3] com.cts.wios.service.StockServiceImpl    : Getting all stocks
2025-06-11T09:20:11.096+05:30  INFO 3692 --- [StockManagement] [http-nio-1112-exec-7] com.cts.wios.service.StockServiceImpl    : Getting all stocks
2025-06-11T09:20:14.747+05:30  INFO 3692 --- [StockManagement] [http-nio-1112-exec-8] com.cts.wios.service.StockServiceImpl    : Getting all stocks
2025-06-11T09:21:23.483+05:30  INFO 3692 --- [StockManagement] [http-nio-1112-exec-5] com.cts.wios.service.StockServiceImpl    : Getting all stocks
2025-06-11T09:21:47.763+05:30  INFO 3692 --- [StockManagement] [AsyncResolver-bootstrap-executor-%d] c.n.d.s.r.aws.ConfigClusterResolver      : Resolving eureka endpoints via configuration
2025-06-11T09:23:13.720+05:30  INFO 3692 --- [StockManagement] [http-nio-1112-exec-1] com.cts.wios.service.StockServiceImpl    : Getting all stocks
2025-06-11T09:23:18.570+05:30  INFO 3692 --- [StockManagement] [http-nio-1112-exec-9] com.cts.wios.service.StockServiceImpl    : Getting all stocks
2025-06-11T09:24:50.111+05:30  INFO 3692 --- [StockManagement] [http-nio-1112-exec-10] com.cts.wios.service.StockServiceImpl    : Getting all stocks
2025-06-11T09:26:37.534+05:30  INFO 3692 --- [StockManagement] [http-nio-1112-exec-7] com.cts.wios.service.StockServiceImpl    : Getting all stocks
2025-06-11T09:26:38.772+05:30  INFO 3692 --- [StockManagement] [http-nio-1112-exec-8] com.cts.wios.service.StockServiceImpl    : Getting all stocks
2025-06-11T09:26:41.912+05:30  INFO 3692 --- [StockManagement] [http-nio-1112-exec-4] com.cts.wios.service.StockServiceImpl    : Getting all stocks
2025-06-11T09:26:47.764+05:30  INFO 3692 --- [StockManagement] [AsyncResolver-bootstrap-executor-%d] c.n.d.s.r.aws.ConfigClusterResolver      : Resolving eureka endpoints via configuration
2025-06-11T09:27:08.705+05:30  INFO 3692 --- [StockManagement] [http-nio-1112-exec-5] com.cts.wios.service.StockServiceImpl    : Getting all stocks
2025-06-11T09:31:47.766+05:30  INFO 3692 --- [StockManagement] [AsyncResolver-bootstrap-executor-%d] c.n.d.s.r.aws.ConfigClusterResolver      : Resolving eureka endpoints via configuration
2025-06-11T09:33:16.083+05:30  WARN 3692 --- [StockManagement] [http-nio-1112-exec-1] .m.m.a.ExceptionHandlerExceptionResolver : Resolved [org.springframework.web.servlet.resource.NoResourceFoundException: No static resource actuator/info.]
2025-06-11T09:33:16.171+05:30  WARN 3692 --- [StockManagement] [http-nio-1112-exec-9] .m.m.a.ExceptionHandlerExceptionResolver : Resolved [org.springframework.web.servlet.resource.NoResourceFoundException: No static resource favicon.ico.]
2025-06-11T09:36:40.496+05:30  INFO 3692 --- [StockManagement] [http-nio-1112-exec-3] com.cts.wios.service.StockServiceImpl    : Getting all stocks
2025-06-11T09:36:40.527+05:30  INFO 3692 --- [StockManagement] [http-nio-1112-exec-3] com.cts.wios.service.StockServiceImpl    : Viewing stock with ID: 13
2025-06-11T09:36:40.545+05:30  INFO 3692 --- [StockManagement] [http-nio-1112-exec-3] com.cts.wios.service.StockServiceImpl    : Stock found: Stock(stockId=13, stockName=Beetroot, stockCategory=Vegetable, stockQuantity=9, zoneId=19, vendorId=10)
2025-06-11T09:36:40.545+05:30  INFO 3692 --- [StockManagement] [http-nio-1112-exec-3] com.cts.wios.service.StockServiceImpl    : Viewing stock with ID: 14
2025-06-11T09:36:40.545+05:30  INFO 3692 --- [StockManagement] [http-nio-1112-exec-3] com.cts.wios.service.StockServiceImpl    : Stock found: Stock(stockId=14, stockName=Apple, stockCategory=Fruits, stockQuantity=100, zoneId=18, vendorId=12)
2025-06-11T09:36:40.545+05:30  INFO 3692 --- [StockManagement] [http-nio-1112-exec-3] com.cts.wios.service.StockServiceImpl    : Viewing stock with ID: 15
2025-06-11T09:36:40.565+05:30  INFO 3692 --- [StockManagement] [http-nio-1112-exec-3] com.cts.wios.service.StockServiceImpl    : Stock found: Stock(stockId=15, stockName=Straw berry, stockCategory=fruits, stockQuantity=20, zoneId=18, vendorId=14)
2025-06-11T09:36:40.567+05:30  INFO 3692 --- [StockManagement] [http-nio-1112-exec-3] com.cts.wios.service.StockServiceImpl    : Viewing stock with ID: 13
2025-06-11T09:36:40.570+05:30  INFO 3692 --- [StockManagement] [http-nio-1112-exec-3] com.cts.wios.service.StockServiceImpl    : Stock found: Stock(stockId=13, stockName=Beetroot, stockCategory=Vegetable, stockQuantity=9, zoneId=19, vendorId=10)
2025-06-11T09:36:47.854+05:30  INFO 3692 --- [StockManagement] [AsyncResolver-bootstrap-executor-%d] c.n.d.s.r.aws.ConfigClusterResolver      : Resolving eureka endpoints via configuration
2025-06-11T09:37:49.363+05:30  INFO 3692 --- [StockManagement] [http-nio-1112-exec-9] com.cts.wios.service.StockServiceImpl    : Getting all stocks
2025-06-11T09:38:31.196+05:30  INFO 3692 --- [StockManagement] [http-nio-1112-exec-6] com.cts.wios.service.StockServiceImpl    : Getting stocks by vendor ID: 8
2025-06-11T09:38:31.297+05:30  INFO 3692 --- [StockManagement] [http-nio-1112-exec-6] com.cts.wios.service.StockServiceImpl    : Stocks by vendor ID retrieved successfully: StockVendorResponseDTO(stock=[], vendor=Vendor(vendorId=8, vendorName=jaishree, contactInfo=9876543219, email=jaishree.bakya@gmail.com))
2025-06-11T09:38:36.378+05:30  INFO 3692 --- [StockManagement] [http-nio-1112-exec-10] com.cts.wios.service.StockServiceImpl    : Getting all stocks
2025-06-11T09:39:35.488+05:30  INFO 3692 --- [StockManagement] [http-nio-1112-exec-3] com.cts.wios.service.StockServiceImpl    : Creating stock: Stock(stockId=0, stockName=paracetamol, stockCategory=medicine, stockQuantity=10, zoneId=21, vendorId=8)
2025-06-11T09:39:35.834+05:30  INFO 3692 --- [StockManagement] [http-nio-1112-exec-3] com.cts.wios.service.StockServiceImpl    : Stock saved successfully: Stock(stockId=19, stockName=paracetamol, stockCategory=medicine, stockQuantity=10, zoneId=21, vendorId=8)
2025-06-11T09:39:35.849+05:30  INFO 3692 --- [StockManagement] [http-nio-1112-exec-7] com.cts.wios.service.StockServiceImpl    : Getting all stocks
2025-06-11T09:41:22.496+05:30  INFO 3692 --- [StockManagement] [http-nio-1112-exec-4] com.cts.wios.service.StockServiceImpl    : Getting all stocks
2025-06-11T09:41:24.797+05:30  INFO 3692 --- [StockManagement] [http-nio-1112-exec-5] com.cts.wios.service.StockServiceImpl    : Getting all stocks
2025-06-11T09:41:29.924+05:30  INFO 3692 --- [StockManagement] [http-nio-1112-exec-2] com.cts.wios.service.StockServiceImpl    : Getting all stocks
2025-06-11T09:41:29.951+05:30  INFO 3692 --- [StockManagement] [http-nio-1112-exec-2] com.cts.wios.service.StockServiceImpl    : Viewing stock with ID: 13
2025-06-11T09:41:29.951+05:30  INFO 3692 --- [StockManagement] [http-nio-1112-exec-2] com.cts.wios.service.StockServiceImpl    : Stock found: Stock(stockId=13, stockName=Beetroot, stockCategory=Vegetable, stockQuantity=9, zoneId=19, vendorId=10)
2025-06-11T09:41:29.951+05:30  INFO 3692 --- [StockManagement] [http-nio-1112-exec-2] com.cts.wios.service.StockServiceImpl    : Viewing stock with ID: 15
2025-06-11T09:41:29.967+05:30  INFO 3692 --- [StockManagement] [http-nio-1112-exec-2] com.cts.wios.service.StockServiceImpl    : Stock found: Stock(stockId=15, stockName=Straw berry, stockCategory=fruits, stockQuantity=20, zoneId=18, vendorId=14)
2025-06-11T09:41:29.967+05:30  INFO 3692 --- [StockManagement] [http-nio-1112-exec-2] com.cts.wios.service.StockServiceImpl    : Viewing stock with ID: 14
2025-06-11T09:41:29.983+05:30  INFO 3692 --- [StockManagement] [http-nio-1112-exec-2] com.cts.wios.service.StockServiceImpl    : Stock found: Stock(stockId=14, stockName=Apple, stockCategory=Fruits, stockQuantity=100, zoneId=18, vendorId=12)
2025-06-11T09:41:29.983+05:30  INFO 3692 --- [StockManagement] [http-nio-1112-exec-2] com.cts.wios.service.StockServiceImpl    : Viewing stock with ID: 13
2025-06-11T09:41:29.983+05:30  INFO 3692 --- [StockManagement] [http-nio-1112-exec-2] com.cts.wios.service.StockServiceImpl    : Stock found: Stock(stockId=13, stockName=Beetroot, stockCategory=Vegetable, stockQuantity=9, zoneId=19, vendorId=10)
2025-06-11T09:41:31.454+05:30  INFO 3692 --- [StockManagement] [http-nio-1112-exec-3] com.cts.wios.service.StockServiceImpl    : Getting all stocks
2025-06-11T09:41:34.609+05:30  INFO 3692 --- [StockManagement] [http-nio-1112-exec-7] com.cts.wios.service.StockServiceImpl    : Getting all stocks
2025-06-11T09:41:47.854+05:30  INFO 3692 --- [StockManagement] [AsyncResolver-bootstrap-executor-%d] c.n.d.s.r.aws.ConfigClusterResolver      : Resolving eureka endpoints via configuration
2025-06-11T09:42:07.083+05:30  INFO 3692 --- [StockManagement] [http-nio-1112-exec-8] com.cts.wios.service.StockServiceImpl    : Getting all stocks
2025-06-11T09:42:07.116+05:30  INFO 3692 --- [StockManagement] [http-nio-1112-exec-4] com.cts.wios.service.StockServiceImpl    : Viewing stock with ID: 13
2025-06-11T09:42:07.116+05:30  INFO 3692 --- [StockManagement] [http-nio-1112-exec-4] com.cts.wios.service.StockServiceImpl    : Stock found: Stock(stockId=13, stockName=Beetroot, stockCategory=Vegetable, stockQuantity=9, zoneId=19, vendorId=10)
2025-06-11T09:42:07.133+05:30  INFO 3692 --- [StockManagement] [http-nio-1112-exec-4] com.cts.wios.service.StockServiceImpl    : Viewing stock with ID: 15
2025-06-11T09:42:07.133+05:30  INFO 3692 --- [StockManagement] [http-nio-1112-exec-4] com.cts.wios.service.StockServiceImpl    : Stock found: Stock(stockId=15, stockName=Straw berry, stockCategory=fruits, stockQuantity=20, zoneId=18, vendorId=14)
2025-06-11T09:42:07.178+05:30  INFO 3692 --- [StockManagement] [http-nio-1112-exec-1] com.cts.wios.service.StockServiceImpl    : Viewing stock with ID: 13
2025-06-11T09:42:07.178+05:30  INFO 3692 --- [StockManagement] [http-nio-1112-exec-2] com.cts.wios.service.StockServiceImpl    : Viewing stock with ID: 14
2025-06-11T09:42:07.182+05:30  INFO 3692 --- [StockManagement] [http-nio-1112-exec-1] com.cts.wios.service.StockServiceImpl    : Stock found: Stock(stockId=13, stockName=Beetroot, stockCategory=Vegetable, stockQuantity=9, zoneId=19, vendorId=10)
2025-06-11T09:42:07.183+05:30  INFO 3692 --- [StockManagement] [http-nio-1112-exec-2] com.cts.wios.service.StockServiceImpl    : Stock found: Stock(stockId=14, stockName=Apple, stockCategory=Fruits, stockQuantity=100, zoneId=18, vendorId=12)
2025-06-11T09:42:10.566+05:30  INFO 3692 --- [StockManagement] [http-nio-1112-exec-9] com.cts.wios.service.StockServiceImpl    : Getting all stocks
2025-06-11T09:42:44.317+05:30  INFO 3692 --- [StockManagement] [http-nio-1112-exec-6] com.cts.wios.service.StockServiceImpl    : Getting all stocks
2025-06-11T09:42:48.823+05:30  INFO 3692 --- [StockManagement] [http-nio-1112-exec-10] com.cts.wios.service.StockServiceImpl    : Getting all stocks
2025-06-11T09:42:48.855+05:30  INFO 3692 --- [StockManagement] [http-nio-1112-exec-3] com.cts.wios.service.StockServiceImpl    : Viewing stock with ID: 15
2025-06-11T09:42:48.857+05:30  INFO 3692 --- [StockManagement] [http-nio-1112-exec-7] com.cts.wios.service.StockServiceImpl    : Viewing stock with ID: 13
2025-06-11T09:42:48.858+05:30  INFO 3692 --- [StockManagement] [http-nio-1112-exec-3] com.cts.wios.service.StockServiceImpl    : Stock found: Stock(stockId=15, stockName=Straw berry, stockCategory=fruits, stockQuantity=20, zoneId=18, vendorId=14)
2025-06-11T09:42:48.857+05:30  INFO 3692 --- [StockManagement] [http-nio-1112-exec-4] com.cts.wios.service.StockServiceImpl    : Viewing stock with ID: 14
2025-06-11T09:42:48.863+05:30  INFO 3692 --- [StockManagement] [http-nio-1112-exec-4] com.cts.wios.service.StockServiceImpl    : Stock found: Stock(stockId=14, stockName=Apple, stockCategory=Fruits, stockQuantity=100, zoneId=18, vendorId=12)
2025-06-11T09:42:48.864+05:30  INFO 3692 --- [StockManagement] [http-nio-1112-exec-7] com.cts.wios.service.StockServiceImpl    : Stock found: Stock(stockId=13, stockName=Beetroot, stockCategory=Vegetable, stockQuantity=9, zoneId=19, vendorId=10)
2025-06-11T09:42:48.871+05:30  INFO 3692 --- [StockManagement] [http-nio-1112-exec-5] com.cts.wios.service.StockServiceImpl    : Viewing stock with ID: 13
2025-06-11T09:42:48.874+05:30  INFO 3692 --- [StockManagement] [http-nio-1112-exec-5] com.cts.wios.service.StockServiceImpl    : Stock found: Stock(stockId=13, stockName=Beetroot, stockCategory=Vegetable, stockQuantity=9, zoneId=19, vendorId=10)
2025-06-11T09:42:53.371+05:30  INFO 3692 --- [StockManagement] [http-nio-1112-exec-8] com.cts.wios.service.StockServiceImpl    : Getting all stocks
2025-06-11T09:42:57.645+05:30  INFO 3692 --- [StockManagement] [http-nio-1112-exec-1] com.cts.wios.service.StockServiceImpl    : Getting all stocks
2025-06-11T09:43:34.497+05:30  INFO 3692 --- [StockManagement] [http-nio-1112-exec-2] com.cts.wios.service.StockServiceImpl    : Creating stock: Stock(stockId=0, stockName=kitkat, stockCategory=chocolate, stockQuantity=10, zoneId=22, vendorId=8)
2025-06-11T09:43:34.530+05:30  INFO 3692 --- [StockManagement] [http-nio-1112-exec-2] com.cts.wios.service.StockServiceImpl    : Stock saved successfully: Stock(stockId=20, stockName=kitkat, stockCategory=chocolate, stockQuantity=10, zoneId=22, vendorId=8)
2025-06-11T09:43:34.530+05:30  INFO 3692 --- [StockManagement] [http-nio-1112-exec-9] com.cts.wios.service.StockServiceImpl    : Getting all stocks
2025-06-11T09:44:13.395+05:30  INFO 3692 --- [StockManagement] [http-nio-1112-exec-10] com.cts.wios.service.StockServiceImpl    : Getting all stocks
2025-06-11T09:44:13.431+05:30  INFO 3692 --- [StockManagement] [http-nio-1112-exec-3] com.cts.wios.service.StockServiceImpl    : Viewing stock with ID: 13
2025-06-11T09:44:13.431+05:30  INFO 3692 --- [StockManagement] [http-nio-1112-exec-4] com.cts.wios.service.StockServiceImpl    : Viewing stock with ID: 15
2025-06-11T09:44:13.434+05:30  INFO 3692 --- [StockManagement] [http-nio-1112-exec-3] com.cts.wios.service.StockServiceImpl    : Stock found: Stock(stockId=13, stockName=Beetroot, stockCategory=Vegetable, stockQuantity=9, zoneId=19, vendorId=10)
2025-06-11T09:44:13.435+05:30  INFO 3692 --- [StockManagement] [http-nio-1112-exec-3] com.cts.wios.service.StockServiceImpl    : Viewing stock with ID: 14
2025-06-11T09:44:13.438+05:30  INFO 3692 --- [StockManagement] [http-nio-1112-exec-4] com.cts.wios.service.StockServiceImpl    : Stock found: Stock(stockId=15, stockName=Straw berry, stockCategory=fruits, stockQuantity=20, zoneId=18, vendorId=14)
2025-06-11T09:44:13.448+05:30  INFO 3692 --- [StockManagement] [http-nio-1112-exec-7] com.cts.wios.service.StockServiceImpl    : Viewing stock with ID: 13
2025-06-11T09:44:13.450+05:30  INFO 3692 --- [StockManagement] [http-nio-1112-exec-7] com.cts.wios.service.StockServiceImpl    : Stock found: Stock(stockId=13, stockName=Beetroot, stockCategory=Vegetable, stockQuantity=9, zoneId=19, vendorId=10)
2025-06-11T09:44:13.450+05:30  INFO 3692 --- [StockManagement] [http-nio-1112-exec-3] com.cts.wios.service.StockServiceImpl    : Stock found: Stock(stockId=14, stockName=Apple, stockCategory=Fruits, stockQuantity=100, zoneId=18, vendorId=12)
2025-06-11T09:46:47.866+05:30  INFO 3692 --- [StockManagement] [AsyncResolver-bootstrap-executor-%d] c.n.d.s.r.aws.ConfigClusterResolver      : Resolving eureka endpoints via configuration
2025-06-11T09:48:44.869+05:30  INFO 3692 --- [StockManagement] [http-nio-1112-exec-9] com.cts.wios.service.StockServiceImpl    : Getting all stocks
2025-06-11T09:49:09.069+05:30  INFO 3692 --- [StockManagement] [http-nio-1112-exec-6] com.cts.wios.service.StockServiceImpl    : Viewing stock with ID: 13
2025-06-11T09:49:09.069+05:30  INFO 3692 --- [StockManagement] [http-nio-1112-exec-6] com.cts.wios.service.StockServiceImpl    : Stock found: Stock(stockId=13, stockName=Beetroot, stockCategory=Vegetable, stockQuantity=9, zoneId=19, vendorId=10)
2025-06-11T09:49:09.133+05:30  INFO 3692 --- [StockManagement] [http-nio-1112-exec-10] com.cts.wios.service.StockServiceImpl    : Viewing stock with ID: 13
2025-06-11T09:49:09.138+05:30  INFO 3692 --- [StockManagement] [http-nio-1112-exec-10] com.cts.wios.service.StockServiceImpl    : Stock found: Stock(stockId=13, stockName=Beetroot, stockCategory=Vegetable, stockQuantity=9, zoneId=19, vendorId=10)
2025-06-11T09:49:09.138+05:30  INFO 3692 --- [StockManagement] [http-nio-1112-exec-4] com.cts.wios.service.StockServiceImpl    : Updating stock for outbound: Stock(stockId=13, stockName=Beetroot, stockCategory=Vegetable, stockQuantity=7, zoneId=19, vendorId=10)
2025-06-11T09:49:09.138+05:30  INFO 3692 --- [StockManagement] [http-nio-1112-exec-4] com.cts.wios.service.StockServiceImpl    : Viewing stock with ID: 13
2025-06-11T09:49:09.138+05:30  INFO 3692 --- [StockManagement] [http-nio-1112-exec-4] com.cts.wios.service.StockServiceImpl    : Stock found: Stock(stockId=13, stockName=Beetroot, stockCategory=Vegetable, stockQuantity=9, zoneId=19, vendorId=10)
2025-06-11T09:49:09.138+05:30 ERROR 3692 --- [StockManagement] [http-nio-1112-exec-4] com.cts.wios.service.StockServiceImpl    : IN OUTBOUND old stock for UPDATE..........: Stock(stockId=13, stockName=Beetroot, stockCategory=Vegetable, stockQuantity=9, zoneId=19, vendorId=10)
2025-06-11T09:49:09.163+05:30 ERROR 3692 --- [StockManagement] [http-nio-1112-exec-4] com.cts.wios.service.StockServiceImpl    : IN OUTBOUND before ZONE UPDATE..........: Zone(zoneId=19, zoneName=Vegetables Zone, zoneCapacity=2000, availableSpace=1991)
2025-06-11T09:49:09.171+05:30 ERROR 3692 --- [StockManagement] [http-nio-1112-exec-4] com.cts.wios.service.StockServiceImpl    : IN OUTBOUND ZONE UPDATE..........: Zone(zoneId=19, zoneName=Vegetables Zone, zoneCapacity=2000, availableSpace=1993)
2025-06-11T09:49:09.171+05:30  INFO 3692 --- [StockManagement] [http-nio-1112-exec-4] com.cts.wios.service.StockServiceImpl    : Stock updated for outbound: Stock(stockId=13, stockName=Beetroot, stockCategory=Vegetable, stockQuantity=7, zoneId=19, vendorId=10)
2025-06-11T09:49:09.179+05:30  INFO 3692 --- [StockManagement] [http-nio-1112-exec-4] com.cts.wios.service.StockServiceImpl    : .......................inside trigger notification
2025-06-11T09:49:09.179+05:30  INFO 3692 --- [StockManagement] [http-nio-1112-exec-4] com.cts.wios.service.StockServiceImpl    : .......................email sending stock:Stock(stockId=13, stockName=Beetroot, stockCategory=Vegetable, stockQuantity=7, zoneId=19, vendorId=10)
2025-06-11T09:49:09.226+05:30  INFO 3692 --- [StockManagement] [http-nio-1112-exec-4] com.cts.wios.service.StockServiceImpl    : .......................email sending stock name:Beetroot
2025-06-11T09:49:09.226+05:30  INFO 3692 --- [StockManagement] [http-nio-1112-exec-4] com.cts.wios.service.StockServiceImpl    : .......................email sending stock name:7
2025-06-11T09:49:13.273+05:30  INFO 3692 --- [StockManagement] [http-nio-1112-exec-5] com.cts.wios.service.StockServiceImpl    : Getting all stocks
2025-06-11T09:50:09.230+05:30 ERROR 3692 --- [StockManagement] [http-nio-1112-exec-4] com.cts.wios.service.StockServiceImpl    : Zone ID not found: 19
2025-06-11T09:50:09.230+05:30  WARN 3692 --- [StockManagement] [http-nio-1112-exec-4] .m.m.a.ExceptionHandlerExceptionResolver : Resolved [com.cts.wios.exceptions.ZoneNotFoundException: Zone ID not found]
2025-06-11T09:51:47.885+05:30  INFO 3692 --- [StockManagement] [AsyncResolver-bootstrap-executor-%d] c.n.d.s.r.aws.ConfigClusterResolver      : Resolving eureka endpoints via configuration
2025-06-11T09:55:45.690+05:30  INFO 3692 --- [StockManagement] [http-nio-1112-exec-3] com.cts.wios.service.StockServiceImpl    : Getting all stocks
2025-06-11T09:55:55.356+05:30  INFO 3692 --- [StockManagement] [http-nio-1112-exec-8] com.cts.wios.service.StockServiceImpl    : Getting all stocks
2025-06-11T09:55:56.545+05:30  INFO 3692 --- [StockManagement] [http-nio-1112-exec-1] com.cts.wios.service.StockServiceImpl    : Getting all stocks
2025-06-11T09:55:58.045+05:30  INFO 3692 --- [StockManagement] [http-nio-1112-exec-2] com.cts.wios.service.StockServiceImpl    : Getting all stocks
2025-06-11T09:56:47.918+05:30  INFO 3692 --- [StockManagement] [AsyncResolver-bootstrap-executor-%d] c.n.d.s.r.aws.ConfigClusterResolver      : Resolving eureka endpoints via configuration
2025-06-11T09:57:21.638+05:30  INFO 3692 --- [StockManagement] [http-nio-1112-exec-6] com.cts.wios.service.StockServiceImpl    : Getting all stocks
2025-06-11T09:57:36.220+05:30  INFO 3692 --- [StockManagement] [http-nio-1112-exec-10] com.cts.wios.service.StockServiceImpl    : Viewing stock with ID: 16
2025-06-11T09:57:36.229+05:30  INFO 3692 --- [StockManagement] [http-nio-1112-exec-10] com.cts.wios.service.StockServiceImpl    : Stock found: Stock(stockId=16, stockName=charger cables, stockCategory=wires, stockQuantity=10, zoneId=20, vendorId=9)
2025-06-11T09:57:36.240+05:30  INFO 3692 --- [StockManagement] [http-nio-1112-exec-5] com.cts.wios.service.StockServiceImpl    : Viewing stock with ID: 16
2025-06-11T09:57:36.240+05:30  INFO 3692 --- [StockManagement] [http-nio-1112-exec-5] com.cts.wios.service.StockServiceImpl    : Stock found: Stock(stockId=16, stockName=charger cables, stockCategory=wires, stockQuantity=10, zoneId=20, vendorId=9)
2025-06-11T09:57:36.240+05:30  INFO 3692 --- [StockManagement] [http-nio-1112-exec-4] com.cts.wios.service.StockServiceImpl    : Updating stock for outbound: Stock(stockId=16, stockName=charger cables, stockCategory=wires, stockQuantity=0, zoneId=20, vendorId=9)
2025-06-11T09:57:36.240+05:30  INFO 3692 --- [StockManagement] [http-nio-1112-exec-4] com.cts.wios.service.StockServiceImpl    : Viewing stock with ID: 16
2025-06-11T09:57:36.253+05:30  INFO 3692 --- [StockManagement] [http-nio-1112-exec-4] com.cts.wios.service.StockServiceImpl    : Stock found: Stock(stockId=16, stockName=charger cables, stockCategory=wires, stockQuantity=10, zoneId=20, vendorId=9)
2025-06-11T09:57:36.253+05:30 ERROR 3692 --- [StockManagement] [http-nio-1112-exec-4] com.cts.wios.service.StockServiceImpl    : IN OUTBOUND old stock for UPDATE..........: Stock(stockId=16, stockName=charger cables, stockCategory=wires, stockQuantity=10, zoneId=20, vendorId=9)
2025-06-11T09:57:36.253+05:30 ERROR 3692 --- [StockManagement] [http-nio-1112-exec-4] com.cts.wios.service.StockServiceImpl    : IN OUTBOUND before ZONE UPDATE..........: Zone(zoneId=20, zoneName=Electronics Zone, zoneCapacity=1000, availableSpace=990)
2025-06-11T09:57:36.269+05:30 ERROR 3692 --- [StockManagement] [http-nio-1112-exec-4] com.cts.wios.service.StockServiceImpl    : IN OUTBOUND ZONE UPDATE..........: Zone(zoneId=20, zoneName=Electronics Zone, zoneCapacity=1000, availableSpace=1000)
2025-06-11T09:57:36.269+05:30  INFO 3692 --- [StockManagement] [http-nio-1112-exec-4] com.cts.wios.service.StockServiceImpl    : Stock updated for outbound: Stock(stockId=16, stockName=charger cables, stockCategory=wires, stockQuantity=0, zoneId=20, vendorId=9)
2025-06-11T09:57:36.269+05:30  INFO 3692 --- [StockManagement] [http-nio-1112-exec-4] com.cts.wios.service.StockServiceImpl    : .......................inside trigger notification
2025-06-11T09:57:36.269+05:30  INFO 3692 --- [StockManagement] [http-nio-1112-exec-4] com.cts.wios.service.StockServiceImpl    : .......................email sending stock:Stock(stockId=16, stockName=charger cables, stockCategory=wires, stockQuantity=0, zoneId=20, vendorId=9)
2025-06-11T09:57:36.306+05:30  INFO 3692 --- [StockManagement] [http-nio-1112-exec-4] com.cts.wios.service.StockServiceImpl    : .......................email sending stock name:charger cables
2025-06-11T09:57:36.987+05:30  INFO 3692 --- [StockManagement] [http-nio-1112-exec-4] com.cts.wios.service.StockServiceImpl    : .......................email sending stock name:0
2025-06-11T09:57:38.971+05:30  INFO 3692 --- [StockManagement] [http-nio-1112-exec-7] com.cts.wios.service.StockServiceImpl    : Getting all stocks
2025-06-11T09:57:38.986+05:30  INFO 3692 --- [StockManagement] [http-nio-1112-exec-3] com.cts.wios.service.StockServiceImpl    : Viewing stock with ID: 15
2025-06-11T09:57:38.986+05:30  INFO 3692 --- [StockManagement] [http-nio-1112-exec-3] com.cts.wios.service.StockServiceImpl    : Stock found: Stock(stockId=15, stockName=Straw berry, stockCategory=fruits, stockQuantity=20, zoneId=18, vendorId=14)
2025-06-11T09:57:38.986+05:30  INFO 3692 --- [StockManagement] [http-nio-1112-exec-1] com.cts.wios.service.StockServiceImpl    : Viewing stock with ID: 14
2025-06-11T09:57:38.986+05:30  INFO 3692 --- [StockManagement] [http-nio-1112-exec-8] com.cts.wios.service.StockServiceImpl    : Viewing stock with ID: 16
2025-06-11T09:57:38.986+05:30  INFO 3692 --- [StockManagement] [http-nio-1112-exec-2] com.cts.wios.service.StockServiceImpl    : Viewing stock with ID: 13
2025-06-11T09:57:39.001+05:30  INFO 3692 --- [StockManagement] [http-nio-1112-exec-2] com.cts.wios.service.StockServiceImpl    : Stock found: Stock(stockId=13, stockName=Beetroot, stockCategory=Vegetable, stockQuantity=7, zoneId=19, vendorId=10)
2025-06-11T09:57:39.003+05:30  INFO 3692 --- [StockManagement] [http-nio-1112-exec-1] com.cts.wios.service.StockServiceImpl    : Stock found: Stock(stockId=14, stockName=Apple, stockCategory=Fruits, stockQuantity=100, zoneId=18, vendorId=12)
2025-06-11T09:57:39.004+05:30  INFO 3692 --- [StockManagement] [http-nio-1112-exec-8] com.cts.wios.service.StockServiceImpl    : Stock found: Stock(stockId=16, stockName=charger cables, stockCategory=wires, stockQuantity=0, zoneId=20, vendorId=9)
2025-06-11T09:57:39.004+05:30  INFO 3692 --- [StockManagement] [http-nio-1112-exec-9] com.cts.wios.service.StockServiceImpl    : Viewing stock with ID: 13
2025-06-11T09:57:39.004+05:30  INFO 3692 --- [StockManagement] [http-nio-1112-exec-9] com.cts.wios.service.StockServiceImpl    : Stock found: Stock(stockId=13, stockName=Beetroot, stockCategory=Vegetable, stockQuantity=7, zoneId=19, vendorId=10)
2025-06-11T09:57:39.004+05:30  INFO 3692 --- [StockManagement] [http-nio-1112-exec-6] com.cts.wios.service.StockServiceImpl    : Viewing stock with ID: 13
2025-06-11T09:57:39.019+05:30  INFO 3692 --- [StockManagement] [http-nio-1112-exec-6] com.cts.wios.service.StockServiceImpl    : Stock found: Stock(stockId=13, stockName=Beetroot, stockCategory=Vegetable, stockQuantity=7, zoneId=19, vendorId=10)
2025-06-11T09:58:37.005+05:30 ERROR 3692 --- [StockManagement] [http-nio-1112-exec-4] com.cts.wios.service.StockServiceImpl    : Zone ID not found: 20
2025-06-11T09:58:37.005+05:30  WARN 3692 --- [StockManagement] [http-nio-1112-exec-4] .m.m.a.ExceptionHandlerExceptionResolver : Resolved [com.cts.wios.exceptions.ZoneNotFoundException: Zone ID not found]
2025-06-11T10:01:47.932+05:30  INFO 3692 --- [StockManagement] [AsyncResolver-bootstrap-executor-%d] c.n.d.s.r.aws.ConfigClusterResolver      : Resolving eureka endpoints via configuration
2025-06-11T10:06:47.940+05:30  INFO 3692 --- [StockManagement] [AsyncResolver-bootstrap-executor-%d] c.n.d.s.r.aws.ConfigClusterResolver      : Resolving eureka endpoints via configuration
2025-06-11T10:07:25.975+05:30  INFO 3692 --- [StockManagement] [http-nio-1112-exec-2] com.cts.wios.service.StockServiceImpl    : Getting all stocks
2025-06-11T10:07:26.144+05:30  INFO 3692 --- [StockManagement] [http-nio-1112-exec-1] com.cts.wios.service.StockServiceImpl    : Viewing stock with ID: 13
2025-06-11T10:07:26.151+05:30  INFO 3692 --- [StockManagement] [http-nio-1112-exec-1] com.cts.wios.service.StockServiceImpl    : Stock found: Stock(stockId=13, stockName=Beetroot, stockCategory=Vegetable, stockQuantity=7, zoneId=19, vendorId=10)
2025-06-11T10:07:26.151+05:30  INFO 3692 --- [StockManagement] [http-nio-1112-exec-8] com.cts.wios.service.StockServiceImpl    : Viewing stock with ID: 15
2025-06-11T10:07:26.167+05:30  INFO 3692 --- [StockManagement] [http-nio-1112-exec-8] com.cts.wios.service.StockServiceImpl    : Stock found: Stock(stockId=15, stockName=Straw berry, stockCategory=fruits, stockQuantity=20, zoneId=18, vendorId=14)
2025-06-11T10:07:26.169+05:30  INFO 3692 --- [StockManagement] [http-nio-1112-exec-9] com.cts.wios.service.StockServiceImpl    : Viewing stock with ID: 13
2025-06-11T10:07:26.184+05:30  INFO 3692 --- [StockManagement] [http-nio-1112-exec-9] com.cts.wios.service.StockServiceImpl    : Stock found: Stock(stockId=13, stockName=Beetroot, stockCategory=Vegetable, stockQuantity=7, zoneId=19, vendorId=10)
2025-06-11T10:07:26.186+05:30  INFO 3692 --- [StockManagement] [http-nio-1112-exec-6] com.cts.wios.service.StockServiceImpl    : Viewing stock with ID: 14
2025-06-11T10:07:26.187+05:30  INFO 3692 --- [StockManagement] [http-nio-1112-exec-6] com.cts.wios.service.StockServiceImpl    : Stock found: Stock(stockId=14, stockName=Apple, stockCategory=Fruits, stockQuantity=100, zoneId=18, vendorId=12)
2025-06-11T10:07:26.200+05:30  INFO 3692 --- [StockManagement] [http-nio-1112-exec-4] com.cts.wios.service.StockServiceImpl    : Viewing stock with ID: 13
2025-06-11T10:07:26.200+05:30  INFO 3692 --- [StockManagement] [http-nio-1112-exec-4] com.cts.wios.service.StockServiceImpl    : Stock found: Stock(stockId=13, stockName=Beetroot, stockCategory=Vegetable, stockQuantity=7, zoneId=19, vendorId=10)
2025-06-11T10:07:26.242+05:30  INFO 3692 --- [StockManagement] [http-nio-1112-exec-5] com.cts.wios.service.StockServiceImpl    : Viewing stock with ID: 16
2025-06-11T10:07:26.242+05:30  INFO 3692 --- [StockManagement] [http-nio-1112-exec-5] com.cts.wios.service.StockServiceImpl    : Stock found: Stock(stockId=16, stockName=charger cables, stockCategory=wires, stockQuantity=0, zoneId=20, vendorId=9)
2025-06-11T10:07:35.658+05:30  INFO 3692 --- [StockManagement] [http-nio-1112-exec-3] com.cts.wios.service.StockServiceImpl    : Getting all stocks
2025-06-11T10:07:35.815+05:30  INFO 3692 --- [StockManagement] [http-nio-1112-exec-10] com.cts.wios.service.StockServiceImpl    : Viewing stock with ID: 13
2025-06-11T10:07:35.817+05:30  INFO 3692 --- [StockManagement] [http-nio-1112-exec-10] com.cts.wios.service.StockServiceImpl    : Stock found: Stock(stockId=13, stockName=Beetroot, stockCategory=Vegetable, stockQuantity=7, zoneId=19, vendorId=10)
2025-06-11T10:07:35.824+05:30  INFO 3692 --- [StockManagement] [http-nio-1112-exec-7] com.cts.wios.service.StockServiceImpl    : Viewing stock with ID: 15
2025-06-11T10:07:35.834+05:30  INFO 3692 --- [StockManagement] [http-nio-1112-exec-7] com.cts.wios.service.StockServiceImpl    : Stock found: Stock(stockId=15, stockName=Straw berry, stockCategory=fruits, stockQuantity=20, zoneId=18, vendorId=14)
2025-06-11T10:07:35.840+05:30  INFO 3692 --- [StockManagement] [http-nio-1112-exec-2] com.cts.wios.service.StockServiceImpl    : Viewing stock with ID: 13
2025-06-11T10:07:35.840+05:30  INFO 3692 --- [StockManagement] [http-nio-1112-exec-1] com.cts.wios.service.StockServiceImpl    : Viewing stock with ID: 14
2025-06-11T10:07:35.848+05:30  INFO 3692 --- [StockManagement] [http-nio-1112-exec-2] com.cts.wios.service.StockServiceImpl    : Stock found: Stock(stockId=13, stockName=Beetroot, stockCategory=Vegetable, stockQuantity=7, zoneId=19, vendorId=10)
2025-06-11T10:07:35.848+05:30  INFO 3692 --- [StockManagement] [http-nio-1112-exec-1] com.cts.wios.service.StockServiceImpl    : Stock found: Stock(stockId=14, stockName=Apple, stockCategory=Fruits, stockQuantity=100, zoneId=18, vendorId=12)
2025-06-11T10:07:35.852+05:30  INFO 3692 --- [StockManagement] [http-nio-1112-exec-8] com.cts.wios.service.StockServiceImpl    : Viewing stock with ID: 16
2025-06-11T10:07:35.858+05:30  INFO 3692 --- [StockManagement] [http-nio-1112-exec-8] com.cts.wios.service.StockServiceImpl    : Stock found: Stock(stockId=16, stockName=charger cables, stockCategory=wires, stockQuantity=0, zoneId=20, vendorId=9)
2025-06-11T10:07:35.864+05:30  INFO 3692 --- [StockManagement] [http-nio-1112-exec-9] com.cts.wios.service.StockServiceImpl    : Viewing stock with ID: 13
2025-06-11T10:07:35.869+05:30  INFO 3692 --- [StockManagement] [http-nio-1112-exec-9] com.cts.wios.service.StockServiceImpl    : Stock found: Stock(stockId=13, stockName=Beetroot, stockCategory=Vegetable, stockQuantity=7, zoneId=19, vendorId=10)
2025-06-11T10:11:47.945+05:30  INFO 3692 --- [StockManagement] [AsyncResolver-bootstrap-executor-%d] c.n.d.s.r.aws.ConfigClusterResolver      : Resolving eureka endpoints via configuration
2025-06-11T10:16:47.952+05:30  INFO 3692 --- [StockManagement] [AsyncResolver-bootstrap-executor-%d] c.n.d.s.r.aws.ConfigClusterResolver      : Resolving eureka endpoints via configuration
2025-06-11T10:21:47.965+05:30  INFO 3692 --- [StockManagement] [AsyncResolver-bootstrap-executor-%d] c.n.d.s.r.aws.ConfigClusterResolver      : Resolving eureka endpoints via configuration
2025-06-11T10:22:45.736+05:30  INFO 3692 --- [StockManagement] [http-nio-1112-exec-5] com.cts.wios.service.StockServiceImpl    : Getting all stocks
2025-06-11T10:22:49.247+05:30  INFO 3692 --- [StockManagement] [http-nio-1112-exec-3] com.cts.wios.service.StockServiceImpl    : Getting all stocks
2025-06-11T10:26:47.979+05:30  INFO 3692 --- [StockManagement] [AsyncResolver-bootstrap-executor-%d] c.n.d.s.r.aws.ConfigClusterResolver      : Resolving eureka endpoints via configuration
2025-06-11T10:28:46.402+05:30  INFO 3692 --- [StockManagement] [http-nio-1112-exec-7] com.cts.wios.service.StockServiceImpl    : Getting all stocks
2025-06-11T10:29:45.182+05:30  INFO 3692 --- [StockManagement] [http-nio-1112-exec-2] com.cts.wios.service.StockServiceImpl    : Getting all stocks
2025-06-11T10:29:47.476+05:30  INFO 3692 --- [StockManagement] [http-nio-1112-exec-1] com.cts.wios.service.StockServiceImpl    : Getting all stocks
2025-06-11T10:30:51.538+05:30  INFO 3692 --- [StockManagement] [http-nio-1112-exec-9] com.cts.wios.service.StockServiceImpl    : Getting all stocks
2025-06-11T10:30:52.186+05:30  INFO 3692 --- [StockManagement] [http-nio-1112-exec-6] com.cts.wios.service.StockServiceImpl    : Getting all stocks
2025-06-11T10:31:15.054+05:30  INFO 3692 --- [StockManagement] [http-nio-1112-exec-4] com.cts.wios.service.StockServiceImpl    : Getting all stocks
2025-06-11T10:31:45.581+05:30  INFO 3692 --- [StockManagement] [http-nio-1112-exec-5] com.cts.wios.service.StockServiceImpl    : Getting all stocks
2025-06-11T10:31:47.985+05:30  INFO 3692 --- [StockManagement] [AsyncResolver-bootstrap-executor-%d] c.n.d.s.r.aws.ConfigClusterResolver      : Resolving eureka endpoints via configuration
2025-06-11T10:36:47.990+05:30  INFO 3692 --- [StockManagement] [AsyncResolver-bootstrap-executor-%d] c.n.d.s.r.aws.ConfigClusterResolver      : Resolving eureka endpoints via configuration
2025-06-11T10:41:47.997+05:30  INFO 3692 --- [StockManagement] [AsyncResolver-bootstrap-executor-%d] c.n.d.s.r.aws.ConfigClusterResolver      : Resolving eureka endpoints via configuration
2025-06-11T10:42:56.946+05:30  INFO 3692 --- [StockManagement] [http-nio-1112-exec-10] com.cts.wios.service.StockServiceImpl    : Getting all stocks
2025-06-11T10:43:01.319+05:30  INFO 3692 --- [StockManagement] [http-nio-1112-exec-7] com.cts.wios.service.StockServiceImpl    : Getting all stocks
2025-06-11T10:46:48.001+05:30  INFO 3692 --- [StockManagement] [AsyncResolver-bootstrap-executor-%d] c.n.d.s.r.aws.ConfigClusterResolver      : Resolving eureka endpoints via configuration
2025-06-11T10:49:05.151+05:30  INFO 3692 --- [StockManagement] [http-nio-1112-exec-1] com.cts.wios.service.StockServiceImpl    : Getting all stocks
2025-06-11T10:49:18.403+05:30  INFO 3692 --- [StockManagement] [http-nio-1112-exec-8] com.cts.wios.service.StockServiceImpl    : Getting all stocks
2025-06-11T10:49:59.102+05:30  INFO 3692 --- [StockManagement] [http-nio-1112-exec-9] com.cts.wios.service.StockServiceImpl    : Getting all stocks
2025-06-11T10:49:59.158+05:30  INFO 3692 --- [StockManagement] [http-nio-1112-exec-4] com.cts.wios.service.StockServiceImpl    : Viewing stock with ID: 15
2025-06-11T10:49:59.158+05:30  INFO 3692 --- [StockManagement] [http-nio-1112-exec-5] com.cts.wios.service.StockServiceImpl    : Viewing stock with ID: 16
2025-06-11T10:49:59.158+05:30  INFO 3692 --- [StockManagement] [http-nio-1112-exec-6] com.cts.wios.service.StockServiceImpl    : Viewing stock with ID: 13
2025-06-11T10:49:59.162+05:30  INFO 3692 --- [StockManagement] [http-nio-1112-exec-3] com.cts.wios.service.StockServiceImpl    : Viewing stock with ID: 14
2025-06-11T10:49:59.164+05:30  INFO 3692 --- [StockManagement] [http-nio-1112-exec-4] com.cts.wios.service.StockServiceImpl    : Stock found: Stock(stockId=15, stockName=Straw berry, stockCategory=fruits, stockQuantity=20, zoneId=18, vendorId=14)
2025-06-11T10:49:59.165+05:30  INFO 3692 --- [StockManagement] [http-nio-1112-exec-6] com.cts.wios.service.StockServiceImpl    : Stock found: Stock(stockId=13, stockName=Beetroot, stockCategory=Vegetable, stockQuantity=7, zoneId=19, vendorId=10)
2025-06-11T10:49:59.165+05:30  INFO 3692 --- [StockManagement] [http-nio-1112-exec-3] com.cts.wios.service.StockServiceImpl    : Stock found: Stock(stockId=14, stockName=Apple, stockCategory=Fruits, stockQuantity=100, zoneId=18, vendorId=12)
2025-06-11T10:49:59.165+05:30  INFO 3692 --- [StockManagement] [http-nio-1112-exec-5] com.cts.wios.service.StockServiceImpl    : Stock found: Stock(stockId=16, stockName=charger cables, stockCategory=wires, stockQuantity=0, zoneId=20, vendorId=9)
2025-06-11T10:49:59.176+05:30  INFO 3692 --- [StockManagement] [http-nio-1112-exec-10] com.cts.wios.service.StockServiceImpl    : Viewing stock with ID: 13
2025-06-11T10:49:59.176+05:30  INFO 3692 --- [StockManagement] [http-nio-1112-exec-10] com.cts.wios.service.StockServiceImpl    : Stock found: Stock(stockId=13, stockName=Beetroot, stockCategory=Vegetable, stockQuantity=7, zoneId=19, vendorId=10)
2025-06-11T10:49:59.192+05:30  INFO 3692 --- [StockManagement] [http-nio-1112-exec-7] com.cts.wios.service.StockServiceImpl    : Viewing stock with ID: 13
2025-06-11T10:49:59.192+05:30  INFO 3692 --- [StockManagement] [http-nio-1112-exec-7] com.cts.wios.service.StockServiceImpl    : Stock found: Stock(stockId=13, stockName=Beetroot, stockCategory=Vegetable, stockQuantity=7, zoneId=19, vendorId=10)
2025-06-11T10:50:01.895+05:30  INFO 3692 --- [StockManagement] [http-nio-1112-exec-2] com.cts.wios.service.StockServiceImpl    : Getting all stocks
2025-06-11T10:50:49.579+05:30  INFO 3692 --- [StockManagement] [http-nio-1112-exec-1] com.cts.wios.service.StockServiceImpl    : Getting all stocks
2025-06-11T10:50:51.942+05:30  INFO 3692 --- [StockManagement] [http-nio-1112-exec-8] com.cts.wios.service.StockServiceImpl    : Getting all stocks
2025-06-11T10:51:01.398+05:30  INFO 3692 --- [StockManagement] [http-nio-1112-exec-4] com.cts.wios.service.StockServiceImpl    : Getting all stocks
2025-06-11T10:51:05.133+05:30  INFO 3692 --- [StockManagement] [http-nio-1112-exec-6] com.cts.wios.service.StockServiceImpl    : Getting all stocks
2025-06-11T10:51:48.020+05:30  INFO 3692 --- [StockManagement] [AsyncResolver-bootstrap-executor-%d] c.n.d.s.r.aws.ConfigClusterResolver      : Resolving eureka endpoints via configuration
2025-06-11T10:56:48.029+05:30  INFO 3692 --- [StockManagement] [AsyncResolver-bootstrap-executor-%d] c.n.d.s.r.aws.ConfigClusterResolver      : Resolving eureka endpoints via configuration
2025-06-11T11:02:23.011+05:30  WARN 3692 --- [StockManagement] [HikariPool-1 housekeeper] com.zaxxer.hikari.pool.HikariPool        : HikariPool-1 - Thread starvation or clock leap detected (housekeeper delta=3m44s190ms61µs600ns).
2025-06-11T11:05:02.218+05:30  INFO 3692 --- [StockManagement] [AsyncResolver-bootstrap-executor-%d] c.n.d.s.r.aws.ConfigClusterResolver      : Resolving eureka endpoints via configuration
2025-06-11T11:19:24.359+05:30  WARN 3692 --- [StockManagement] [HikariPool-1 housekeeper] com.zaxxer.hikari.pool.HikariPool        : HikariPool-1 - Thread starvation or clock leap detected (housekeeper delta=13m31s280ms486µs900ns).
2025-06-11T11:23:23.857+05:30  WARN 3692 --- [StockManagement] [HikariPool-1 housekeeper] com.zaxxer.hikari.pool.HikariPool        : HikariPool-1 - Thread starvation or clock leap detected (housekeeper delta=59s431ms645µs300ns).
2025-06-11T11:23:32.938+05:30  INFO 3692 --- [StockManagement] [AsyncResolver-bootstrap-executor-%d] c.n.d.s.r.aws.ConfigClusterResolver      : Resolving eureka endpoints via configuration
2025-06-11T11:28:32.947+05:30  INFO 3692 --- [StockManagement] [AsyncResolver-bootstrap-executor-%d] c.n.d.s.r.aws.ConfigClusterResolver      : Resolving eureka endpoints via configuration
2025-06-11T11:36:38.501+05:30  WARN 3692 --- [StockManagement] [HikariPool-1 housekeeper] com.zaxxer.hikari.pool.HikariPool        : HikariPool-1 - Thread starvation or clock leap detected (housekeeper delta=7m44s530ms191µs200ns).
2025-06-11T11:40:47.473+05:30  INFO 3692 --- [StockManagement] [AsyncResolver-bootstrap-executor-%d] c.n.d.s.r.aws.ConfigClusterResolver      : Resolving eureka endpoints via configuration
2025-06-11T11:47:38.544+05:30  WARN 3692 --- [StockManagement] [HikariPool-1 housekeeper] com.zaxxer.hikari.pool.HikariPool        : HikariPool-1 - Thread starvation or clock leap detected (housekeeper delta=3m59s936ms708µs).
2025-06-11T11:49:17.365+05:30  INFO 3692 --- [StockManagement] [AsyncResolver-bootstrap-executor-%d] c.n.d.s.r.aws.ConfigClusterResolver      : Resolving eureka endpoints via configuration
2025-06-11T11:49:31.854+05:30  INFO 3692 --- [StockManagement] [http-nio-1112-exec-7] com.cts.wios.service.StockServiceImpl    : Getting all stocks
2025-06-11T11:50:24.024+05:30  INFO 3692 --- [StockManagement] [http-nio-1112-exec-2] com.cts.wios.service.StockServiceImpl    : Getting all stocks
2025-06-11T11:50:25.737+05:30  INFO 3692 --- [StockManagement] [http-nio-1112-exec-1] com.cts.wios.service.StockServiceImpl    : Getting all stocks
2025-06-11T11:51:38.073+05:30  INFO 3692 --- [StockManagement] [http-nio-1112-exec-9] com.cts.wios.service.StockServiceImpl    : Getting all stocks
2025-06-11T11:54:17.377+05:30  INFO 3692 --- [StockManagement] [AsyncResolver-bootstrap-executor-%d] c.n.d.s.r.aws.ConfigClusterResolver      : Resolving eureka endpoints via configuration
2025-06-11T11:55:12.849+05:30  INFO 3692 --- [StockManagement] [http-nio-1112-exec-6] com.cts.wios.service.StockServiceImpl    : Getting all stocks
2025-06-11T11:59:17.380+05:30  INFO 3692 --- [StockManagement] [AsyncResolver-bootstrap-executor-%d] c.n.d.s.r.aws.ConfigClusterResolver      : Resolving eureka endpoints via configuration
2025-06-11T12:04:17.407+05:30  INFO 3692 --- [StockManagement] [AsyncResolver-bootstrap-executor-%d] c.n.d.s.r.aws.ConfigClusterResolver      : Resolving eureka endpoints via configuration
2025-06-11T12:09:17.455+05:30  INFO 3692 --- [StockManagement] [AsyncResolver-bootstrap-executor-%d] c.n.d.s.r.aws.ConfigClusterResolver      : Resolving eureka endpoints via configuration
2025-06-11T12:15:57.215+05:30  INFO 3692 --- [StockManagement] [http-nio-1112-exec-5] com.cts.wios.service.StockServiceImpl    : Getting all stocks
2025-06-11T12:16:19.728+05:30  WARN 3692 --- [StockManagement] [HikariPool-1 housekeeper] com.zaxxer.hikari.pool.HikariPool        : HikariPool-1 - Thread starvation or clock leap detected (housekeeper delta=5m10s461ms711µs200ns).
2025-06-11T12:18:57.994+05:30  INFO 3692 --- [StockManagement] [AsyncResolver-bootstrap-executor-%d] c.n.d.s.r.aws.ConfigClusterResolver      : Resolving eureka endpoints via configuration
2025-06-11T12:23:57.997+05:30  INFO 3692 --- [StockManagement] [AsyncResolver-bootstrap-executor-%d] c.n.d.s.r.aws.ConfigClusterResolver      : Resolving eureka endpoints via configuration
2025-06-11T12:28:57.998+05:30  INFO 3692 --- [StockManagement] [AsyncResolver-bootstrap-executor-%d] c.n.d.s.r.aws.ConfigClusterResolver      : Resolving eureka endpoints via configuration
2025-06-11T12:33:58.007+05:30  INFO 3692 --- [StockManagement] [AsyncResolver-bootstrap-executor-%d] c.n.d.s.r.aws.ConfigClusterResolver      : Resolving eureka endpoints via configuration
2025-06-11T13:36:47.191+05:30  WARN 3692 --- [StockManagement] [HikariPool-1 housekeeper] com.zaxxer.hikari.pool.HikariPool        : HikariPool-1 - Thread starvation or clock leap detected (housekeeper delta=58m27s122ms764µs100ns).
2025-06-11T13:36:55.136+05:30  INFO 3692 --- [StockManagement] [AsyncResolver-bootstrap-executor-%d] c.n.d.s.r.aws.ConfigClusterResolver      : Resolving eureka endpoints via configuration
2025-06-11T13:41:55.223+05:30  INFO 3692 --- [StockManagement] [AsyncResolver-bootstrap-executor-%d] c.n.d.s.r.aws.ConfigClusterResolver      : Resolving eureka endpoints via configuration
2025-06-11T13:48:22.010+05:30  WARN 3692 --- [StockManagement] [HikariPool-1 housekeeper] com.zaxxer.hikari.pool.HikariPool        : HikariPool-1 - Thread starvation or clock leap detected (housekeeper delta=3m34s665ms225µs800ns).
2025-06-11T13:49:59.972+05:30  INFO 3692 --- [StockManagement] [AsyncResolver-bootstrap-executor-%d] c.n.d.s.r.aws.ConfigClusterResolver      : Resolving eureka endpoints via configuration
2025-06-11T13:54:59.980+05:30  INFO 3692 --- [StockManagement] [AsyncResolver-bootstrap-executor-%d] c.n.d.s.r.aws.ConfigClusterResolver      : Resolving eureka endpoints via configuration
2025-06-11T13:59:59.982+05:30  INFO 3692 --- [StockManagement] [AsyncResolver-bootstrap-executor-%d] c.n.d.s.r.aws.ConfigClusterResolver      : Resolving eureka endpoints via configuration
2025-06-11T14:04:59.996+05:30  INFO 3692 --- [StockManagement] [AsyncResolver-bootstrap-executor-%d] c.n.d.s.r.aws.ConfigClusterResolver      : Resolving eureka endpoints via configuration
2025-06-11T14:10:57.233+05:30  WARN 3692 --- [StockManagement] [HikariPool-1 housekeeper] com.zaxxer.hikari.pool.HikariPool        : HikariPool-1 - Thread starvation or clock leap detected (housekeeper delta=3m34s868ms121µs599ns).
2025-06-11T14:13:04.866+05:30  INFO 3692 --- [StockManagement] [AsyncResolver-bootstrap-executor-%d] c.n.d.s.r.aws.ConfigClusterResolver      : Resolving eureka endpoints via configuration
2025-06-11T14:18:04.879+05:30  INFO 3692 --- [StockManagement] [AsyncResolver-bootstrap-executor-%d] c.n.d.s.r.aws.ConfigClusterResolver      : Resolving eureka endpoints via configuration
2025-06-11T14:23:04.920+05:30  INFO 3692 --- [StockManagement] [AsyncResolver-bootstrap-executor-%d] c.n.d.s.r.aws.ConfigClusterResolver      : Resolving eureka endpoints via configuration
2025-06-11T14:27:21.712+05:30  WARN 3692 --- [StockManagement] [HikariPool-1 housekeeper] com.zaxxer.hikari.pool.HikariPool        : HikariPool-1 - Thread starvation or clock leap detected (housekeeper delta=54s226ms136µs600ns).
2025-06-11T14:28:29.142+05:30  INFO 3692 --- [StockManagement] [AsyncResolver-bootstrap-executor-%d] c.n.d.s.r.aws.ConfigClusterResolver      : Resolving eureka endpoints via configuration
2025-06-11T14:33:29.143+05:30  INFO 3692 --- [StockManagement] [AsyncResolver-bootstrap-executor-%d] c.n.d.s.r.aws.ConfigClusterResolver      : Resolving eureka endpoints via configuration
2025-06-11T14:42:27.375+05:30  WARN 3692 --- [StockManagement] [HikariPool-1 housekeeper] com.zaxxer.hikari.pool.HikariPool        : HikariPool-1 - Thread starvation or clock leap detected (housekeeper delta=7m35s535ms823µs300ns).
2025-06-11T14:45:34.675+05:30  INFO 3692 --- [StockManagement] [AsyncResolver-bootstrap-executor-%d] c.n.d.s.r.aws.ConfigClusterResolver      : Resolving eureka endpoints via configuration
2025-06-11T14:50:34.684+05:30  INFO 3692 --- [StockManagement] [AsyncResolver-bootstrap-executor-%d] c.n.d.s.r.aws.ConfigClusterResolver      : Resolving eureka endpoints via configuration
2025-06-11T14:55:34.696+05:30  INFO 3692 --- [StockManagement] [AsyncResolver-bootstrap-executor-%d] c.n.d.s.r.aws.ConfigClusterResolver      : Resolving eureka endpoints via configuration
2025-06-11T15:09:02.048+05:30  WARN 3692 --- [StockManagement] [HikariPool-1 housekeeper] com.zaxxer.hikari.pool.HikariPool        : HikariPool-1 - Thread starvation or clock leap detected (housekeeper delta=13m34s499ms725µs400ns).
2025-06-11T15:13:39.203+05:30  INFO 3692 --- [StockManagement] [AsyncResolver-bootstrap-executor-%d] c.n.d.s.r.aws.ConfigClusterResolver      : Resolving eureka endpoints via configuration
2025-06-11T15:18:39.215+05:30  INFO 3692 --- [StockManagement] [AsyncResolver-bootstrap-executor-%d] c.n.d.s.r.aws.ConfigClusterResolver      : Resolving eureka endpoints via configuration
2025-06-11T15:23:39.228+05:30  INFO 3692 --- [StockManagement] [AsyncResolver-bootstrap-executor-%d] c.n.d.s.r.aws.ConfigClusterResolver      : Resolving eureka endpoints via configuration
2025-06-11T15:28:39.245+05:30  INFO 3692 --- [StockManagement] [AsyncResolver-bootstrap-executor-%d] c.n.d.s.r.aws.ConfigClusterResolver      : Resolving eureka endpoints via configuration
2025-06-11T15:31:49.580+05:30  INFO 3692 --- [StockManagement] [http-nio-1112-exec-7] com.cts.wios.service.StockServiceImpl    : Getting all stocks
2025-06-11T15:33:02.703+05:30  INFO 3692 --- [StockManagement] [http-nio-1112-exec-1] com.cts.wios.service.StockServiceImpl    : Getting all stocks
2025-06-11T15:33:39.255+05:30  INFO 3692 --- [StockManagement] [AsyncResolver-bootstrap-executor-%d] c.n.d.s.r.aws.ConfigClusterResolver      : Resolving eureka endpoints via configuration
2025-06-11T15:33:41.075+05:30  INFO 3692 --- [StockManagement] [http-nio-1112-exec-8] com.cts.wios.service.StockServiceImpl    : Getting all stocks
2025-06-11T15:33:44.724+05:30  INFO 3692 --- [StockManagement] [http-nio-1112-exec-9] com.cts.wios.service.StockServiceImpl    : Getting all stocks
2025-06-11T15:34:02.184+05:30  INFO 3692 --- [StockManagement] [http-nio-1112-exec-4] com.cts.wios.service.StockServiceImpl    : Getting all stocks
2025-06-11T15:35:06.890+05:30  INFO 3692 --- [StockManagement] [http-nio-1112-exec-3] com.cts.wios.service.StockServiceImpl    : Getting all stocks
2025-06-11T15:35:09.033+05:30  INFO 3692 --- [StockManagement] [http-nio-1112-exec-5] com.cts.wios.service.StockServiceImpl    : Getting all stocks
2025-06-11T15:35:10.142+05:30  INFO 3692 --- [StockManagement] [http-nio-1112-exec-10] com.cts.wios.service.StockServiceImpl    : Getting all stocks
2025-06-11T15:38:39.258+05:30  INFO 3692 --- [StockManagement] [AsyncResolver-bootstrap-executor-%d] c.n.d.s.r.aws.ConfigClusterResolver      : Resolving eureka endpoints via configuration
2025-06-11T15:43:39.263+05:30  INFO 3692 --- [StockManagement] [AsyncResolver-bootstrap-executor-%d] c.n.d.s.r.aws.ConfigClusterResolver      : Resolving eureka endpoints via configuration
2025-06-11T15:44:44.977+05:30  INFO 3692 --- [StockManagement] [http-nio-1112-exec-2] com.cts.wios.service.StockServiceImpl    : Getting all stocks
2025-06-11T15:44:46.986+05:30  INFO 3692 --- [StockManagement] [http-nio-1112-exec-1] com.cts.wios.service.StockServiceImpl    : Getting all stocks
2025-06-11T15:45:27.535+05:30  INFO 3692 --- [StockManagement] [http-nio-1112-exec-8] com.cts.wios.service.StockServiceImpl    : Getting all stocks
2025-06-11T15:45:31.572+05:30  INFO 3692 --- [StockManagement] [http-nio-1112-exec-9] com.cts.wios.service.StockServiceImpl    : Getting all stocks
2025-06-11T15:45:46.210+05:30  INFO 3692 --- [StockManagement] [http-nio-1112-exec-4] com.cts.wios.service.StockServiceImpl    : Getting all stocks
2025-06-11T15:46:55.893+05:30  INFO 3692 --- [StockManagement] [http-nio-1112-exec-3] com.cts.wios.service.StockServiceImpl    : Getting all stocks
2025-06-11T15:47:37.451+05:30  INFO 3692 --- [StockManagement] [http-nio-1112-exec-5] com.cts.wios.service.StockServiceImpl    : Getting all stocks
2025-06-11T15:48:00.111+05:30  WARN 3692 --- [StockManagement] [HikariPool-1 housekeeper] com.zaxxer.hikari.pool.HikariPool        : HikariPool-1 - Thread starvation or clock leap detected (housekeeper delta=45s955ms785µs).
2025-06-11T15:49:06.790+05:30  INFO 3692 --- [StockManagement] [AsyncResolver-bootstrap-executor-%d] c.n.d.s.r.aws.ConfigClusterResolver      : Resolving eureka endpoints via configuration
2025-06-11T15:50:07.811+05:30  INFO 3692 --- [StockManagement] [http-nio-1112-exec-7] com.cts.wios.service.StockServiceImpl    : Getting all stocks
2025-06-11T15:50:08.843+05:30  INFO 3692 --- [StockManagement] [http-nio-1112-exec-2] com.cts.wios.service.StockServiceImpl    : Getting all stocks
2025-06-11T15:50:13.727+05:30  INFO 3692 --- [StockManagement] [http-nio-1112-exec-1] com.cts.wios.service.StockServiceImpl    : Getting all stocks
2025-06-11T15:50:40.673+05:30  INFO 3692 --- [StockManagement] [http-nio-1112-exec-8] com.cts.wios.service.StockServiceImpl    : Getting all stocks
2025-06-11T15:50:43.824+05:30  WARN 3692 --- [StockManagement] [http-nio-1112-exec-9] .m.m.a.ExceptionHandlerExceptionResolver : Resolved [org.springframework.web.servlet.resource.NoResourceFoundException: No static resource favicon.ico.]
2025-06-11T15:54:06.800+05:30  INFO 3692 --- [StockManagement] [AsyncResolver-bootstrap-executor-%d] c.n.d.s.r.aws.ConfigClusterResolver      : Resolving eureka endpoints via configuration
2025-06-11T15:59:06.813+05:30  INFO 3692 --- [StockManagement] [AsyncResolver-bootstrap-executor-%d] c.n.d.s.r.aws.ConfigClusterResolver      : Resolving eureka endpoints via configuration
2025-06-11T16:14:34.579+05:30  INFO 3692 --- [StockManagement] [http-nio-1112-exec-5] com.cts.wios.service.StockServiceImpl    : Getting all stocks
2025-06-11T16:14:57.048+05:30  WARN 3692 --- [StockManagement] [HikariPool-1 housekeeper] com.zaxxer.hikari.pool.HikariPool        : HikariPool-1 - Thread starvation or clock leap detected (housekeeper delta=12m56s735ms730µs400ns).
2025-06-11T16:16:33.555+05:30  INFO 3692 --- [StockManagement] [AsyncResolver-bootstrap-executor-%d] c.n.d.s.r.aws.ConfigClusterResolver      : Resolving eureka endpoints via configuration
2025-06-11T16:21:33.562+05:30  INFO 3692 --- [StockManagement] [AsyncResolver-bootstrap-executor-%d] c.n.d.s.r.aws.ConfigClusterResolver      : Resolving eureka endpoints via configuration
2025-06-11T16:23:51.964+05:30  INFO 3692 --- [StockManagement] [http-nio-1112-exec-7] com.cts.wios.service.StockServiceImpl    : Getting all stocks
2025-06-11T16:23:56.645+05:30  INFO 3692 --- [StockManagement] [http-nio-1112-exec-2] com.cts.wios.service.StockServiceImpl    : Getting all stocks
2025-06-11T16:23:59.945+05:30  INFO 3692 --- [StockManagement] [http-nio-1112-exec-1] com.cts.wios.service.StockServiceImpl    : Getting all stocks
2025-06-11T16:24:05.179+05:30  INFO 3692 --- [StockManagement] [http-nio-1112-exec-8] com.cts.wios.service.StockServiceImpl    : Getting all stocks
2025-06-11T16:24:13.771+05:30  INFO 3692 --- [StockManagement] [http-nio-1112-exec-9] com.cts.wios.service.StockServiceImpl    : Updating stock for inbound: Stock(stockId=12, stockName=Tomato, stockCategory=Vegetable, stockQuantity=0, zoneId=19, vendorId=11)
2025-06-11T16:24:13.771+05:30  INFO 3692 --- [StockManagement] [http-nio-1112-exec-9] com.cts.wios.service.StockServiceImpl    : Viewing stock with ID: 12
2025-06-11T16:24:13.789+05:30  INFO 3692 --- [StockManagement] [http-nio-1112-exec-9] com.cts.wios.service.StockServiceImpl    : Stock found: Stock(stockId=12, stockName=Tomato, stockCategory=Vegetable, stockQuantity=0, zoneId=19, vendorId=11)
2025-06-11T16:24:13.843+05:30 ERROR 3692 --- [StockManagement] [http-nio-1112-exec-9] com.cts.wios.service.StockServiceImpl    : IN INBOUND ZONE BEFORE UPDATE..........: Zone(zoneId=19, zoneName=Vegetables Zone, zoneCapacity=2000, availableSpace=1993)
2025-06-11T16:24:13.874+05:30 ERROR 3692 --- [StockManagement] [http-nio-1112-exec-9] com.cts.wios.service.StockServiceImpl    : IN INBOUND ZONE UPDATE..........: Zone(zoneId=19, zoneName=Vegetables Zone, zoneCapacity=2000, availableSpace=1993)
2025-06-11T16:24:13.875+05:30  INFO 3692 --- [StockManagement] [http-nio-1112-exec-9] com.cts.wios.service.StockServiceImpl    : Stock saved successfully: Stock(stockId=12, stockName=Tomato, stockCategory=Vegetable, stockQuantity=0, zoneId=19, vendorId=11)
2025-06-11T16:24:13.911+05:30  INFO 3692 --- [StockManagement] [http-nio-1112-exec-4] com.cts.wios.service.StockServiceImpl    : Getting all stocks
2025-06-11T16:24:15.787+05:30  INFO 3692 --- [StockManagement] [http-nio-1112-exec-6] com.cts.wios.service.StockServiceImpl    : Getting all stocks
2025-06-11T16:24:20.480+05:30  INFO 3692 --- [StockManagement] [http-nio-1112-exec-3] com.cts.wios.service.StockServiceImpl    : Getting all stocks
2025-06-11T16:24:28.157+05:30  INFO 3692 --- [StockManagement] [http-nio-1112-exec-5] com.cts.wios.service.StockServiceImpl    : Getting all stocks
2025-06-11T16:24:42.711+05:30  INFO 3692 --- [StockManagement] [http-nio-1112-exec-10] com.cts.wios.service.StockServiceImpl    : Getting all stocks
2025-06-11T16:24:52.741+05:30  INFO 3692 --- [StockManagement] [http-nio-1112-exec-7] com.cts.wios.service.StockServiceImpl    : Getting all stocks
2025-06-11T16:26:33.578+05:30  INFO 3692 --- [StockManagement] [AsyncResolver-bootstrap-executor-%d] c.n.d.s.r.aws.ConfigClusterResolver      : Resolving eureka endpoints via configuration
2025-06-11T16:26:46.281+05:30  INFO 3692 --- [StockManagement] [http-nio-1112-exec-1] com.cts.wios.service.StockServiceImpl    : Getting all stocks
2025-06-11T16:31:33.581+05:30  INFO 3692 --- [StockManagement] [AsyncResolver-bootstrap-executor-%d] c.n.d.s.r.aws.ConfigClusterResolver      : Resolving eureka endpoints via configuration
2025-06-11T16:33:04.741+05:30  INFO 3692 --- [StockManagement] [http-nio-1112-exec-9] com.cts.wios.service.StockServiceImpl    : Getting all stocks
2025-06-11T16:40:30.853+05:30  WARN 3692 --- [StockManagement] [HikariPool-1 housekeeper] com.zaxxer.hikari.pool.HikariPool        : HikariPool-1 - Thread starvation or clock leap detected (housekeeper delta=4m31s887ms732µs700ns).
2025-06-11T16:40:37.068+05:30  INFO 3692 --- [StockManagement] [AsyncResolver-bootstrap-executor-%d] c.n.d.s.r.aws.ConfigClusterResolver      : Resolving eureka endpoints via configuration
2025-06-11T16:50:42.007+05:30  WARN 3692 --- [StockManagement] [HikariPool-1 housekeeper] com.zaxxer.hikari.pool.HikariPool        : HikariPool-1 - Thread starvation or clock leap detected (housekeeper delta=9m11s134ms908µs200ns).
2025-06-11T16:54:18.200+05:30  INFO 3692 --- [StockManagement] [AsyncResolver-bootstrap-executor-%d] c.n.d.s.r.aws.ConfigClusterResolver      : Resolving eureka endpoints via configuration
2025-06-11T16:54:56.540+05:30  INFO 3692 --- [StockManagement] [http-nio-1112-exec-6] com.cts.wios.service.StockServiceImpl    : Getting all stocks
2025-06-11T16:54:58.469+05:30  INFO 3692 --- [StockManagement] [http-nio-1112-exec-3] com.cts.wios.service.StockServiceImpl    : Getting all stocks
2025-06-11T16:55:01.874+05:30  INFO 3692 --- [StockManagement] [http-nio-1112-exec-5] com.cts.wios.service.StockServiceImpl    : Getting all stocks
2025-06-11T16:55:02.814+05:30  INFO 3692 --- [StockManagement] [http-nio-1112-exec-10] com.cts.wios.service.StockServiceImpl    : Getting all stocks
2025-06-11T16:55:03.711+05:30  INFO 3692 --- [StockManagement] [http-nio-1112-exec-7] com.cts.wios.service.StockServiceImpl    : Getting all stocks
2025-06-11T16:55:04.527+05:30  INFO 3692 --- [StockManagement] [http-nio-1112-exec-2] com.cts.wios.service.StockServiceImpl    : Getting all stocks
2025-06-11T16:55:05.347+05:30  INFO 3692 --- [StockManagement] [http-nio-1112-exec-1] com.cts.wios.service.StockServiceImpl    : Getting all stocks
2025-06-11T16:55:06.128+05:30  INFO 3692 --- [StockManagement] [http-nio-1112-exec-8] com.cts.wios.service.StockServiceImpl    : Getting all stocks
2025-06-11T16:58:10.666+05:30  INFO 3692 --- [StockManagement] [http-nio-1112-exec-4] com.cts.wios.service.StockServiceImpl    : Getting all stocks
2025-06-11T16:58:13.377+05:30  INFO 3692 --- [StockManagement] [http-nio-1112-exec-6] com.cts.wios.service.StockServiceImpl    : Getting all stocks
2025-06-11T16:58:14.121+05:30  INFO 3692 --- [StockManagement] [http-nio-1112-exec-3] com.cts.wios.service.StockServiceImpl    : Getting all stocks
2025-06-11T16:59:08.306+05:30  INFO 3692 --- [StockManagement] [http-nio-1112-exec-5] com.cts.wios.service.StockServiceImpl    : Getting all stocks
2025-06-11T16:59:09.149+05:30  INFO 3692 --- [StockManagement] [http-nio-1112-exec-10] com.cts.wios.service.StockServiceImpl    : Getting all stocks
2025-06-11T16:59:09.975+05:30  INFO 3692 --- [StockManagement] [http-nio-1112-exec-7] com.cts.wios.service.StockServiceImpl    : Getting all stocks
2025-06-11T16:59:13.166+05:30  INFO 3692 --- [StockManagement] [http-nio-1112-exec-2] com.cts.wios.service.StockServiceImpl    : Getting all stocks
2025-06-11T16:59:14.331+05:30  INFO 3692 --- [StockManagement] [http-nio-1112-exec-1] com.cts.wios.service.StockServiceImpl    : Getting all stocks
2025-06-11T16:59:15.199+05:30  INFO 3692 --- [StockManagement] [http-nio-1112-exec-8] com.cts.wios.service.StockServiceImpl    : Getting all stocks
2025-06-11T16:59:18.203+05:30  INFO 3692 --- [StockManagement] [AsyncResolver-bootstrap-executor-%d] c.n.d.s.r.aws.ConfigClusterResolver      : Resolving eureka endpoints via configuration
2025-06-11T16:59:20.056+05:30  INFO 3692 --- [StockManagement] [http-nio-1112-exec-9] com.cts.wios.service.StockServiceImpl    : Getting stocks by vendor ID: 9
2025-06-11T16:59:20.091+05:30  INFO 3692 --- [StockManagement] [http-nio-1112-exec-9] com.cts.wios.service.StockServiceImpl    : Stocks by vendor ID retrieved successfully: StockVendorResponseDTO(stock=[Stock(stockId=16, stockName=charger cables, stockCategory=wires, stockQuantity=0, zoneId=20, vendorId=9)], vendor=Vendor(vendorId=9, vendorName=karthik, contactInfo=8765432191, email=jaishree.bakya@gmail.com))
2025-06-11T16:59:36.757+05:30  INFO 3692 --- [StockManagement] [http-nio-1112-exec-4] com.cts.wios.service.StockServiceImpl    : Getting all stocks
2025-06-11T17:01:04.763+05:30  INFO 3692 --- [StockManagement] [http-nio-1112-exec-3] com.cts.wios.service.StockServiceImpl    : Getting all stocks
2025-06-11T17:01:04.849+05:30  INFO 3692 --- [StockManagement] [http-nio-1112-exec-5] com.cts.wios.service.StockServiceImpl    : Viewing stock with ID: 13
2025-06-11T17:01:04.857+05:30  INFO 3692 --- [StockManagement] [http-nio-1112-exec-5] com.cts.wios.service.StockServiceImpl    : Stock found: Stock(stockId=13, stockName=Beetroot, stockCategory=Vegetable, stockQuantity=7, zoneId=19, vendorId=10)
2025-06-11T17:01:04.867+05:30  INFO 3692 --- [StockManagement] [http-nio-1112-exec-10] com.cts.wios.service.StockServiceImpl    : Viewing stock with ID: 15
2025-06-11T17:01:04.876+05:30  INFO 3692 --- [StockManagement] [http-nio-1112-exec-10] com.cts.wios.service.StockServiceImpl    : Stock found: Stock(stockId=15, stockName=Straw berry, stockCategory=fruits, stockQuantity=20, zoneId=18, vendorId=14)
2025-06-11T17:01:04.877+05:30  INFO 3692 --- [StockManagement] [http-nio-1112-exec-7] com.cts.wios.service.StockServiceImpl    : Viewing stock with ID: 13
2025-06-11T17:01:04.884+05:30  INFO 3692 --- [StockManagement] [http-nio-1112-exec-7] com.cts.wios.service.StockServiceImpl    : Stock found: Stock(stockId=13, stockName=Beetroot, stockCategory=Vegetable, stockQuantity=7, zoneId=19, vendorId=10)
2025-06-11T17:01:04.904+05:30  INFO 3692 --- [StockManagement] [http-nio-1112-exec-2] com.cts.wios.service.StockServiceImpl    : Viewing stock with ID: 14
2025-06-11T17:01:04.911+05:30  INFO 3692 --- [StockManagement] [http-nio-1112-exec-2] com.cts.wios.service.StockServiceImpl    : Stock found: Stock(stockId=14, stockName=Apple, stockCategory=Fruits, stockQuantity=100, zoneId=18, vendorId=12)
2025-06-11T17:01:04.922+05:30  INFO 3692 --- [StockManagement] [http-nio-1112-exec-1] com.cts.wios.service.StockServiceImpl    : Viewing stock with ID: 13
2025-06-11T17:01:04.929+05:30  INFO 3692 --- [StockManagement] [http-nio-1112-exec-1] com.cts.wios.service.StockServiceImpl    : Stock found: Stock(stockId=13, stockName=Beetroot, stockCategory=Vegetable, stockQuantity=7, zoneId=19, vendorId=10)
2025-06-11T17:01:04.930+05:30  INFO 3692 --- [StockManagement] [http-nio-1112-exec-8] com.cts.wios.service.StockServiceImpl    : Viewing stock with ID: 16
2025-06-11T17:01:04.937+05:30  INFO 3692 --- [StockManagement] [http-nio-1112-exec-8] com.cts.wios.service.StockServiceImpl    : Stock found: Stock(stockId=16, stockName=charger cables, stockCategory=wires, stockQuantity=0, zoneId=20, vendorId=9)
2025-06-11T17:01:42.675+05:30  INFO 3692 --- [StockManagement] [http-nio-1112-exec-9] com.cts.wios.service.StockServiceImpl    : Getting all stocks
2025-06-11T17:01:42.751+05:30  INFO 3692 --- [StockManagement] [http-nio-1112-exec-4] com.cts.wios.service.StockServiceImpl    : Viewing stock with ID: 13
2025-06-11T17:01:42.760+05:30  INFO 3692 --- [StockManagement] [http-nio-1112-exec-4] com.cts.wios.service.StockServiceImpl    : Stock found: Stock(stockId=13, stockName=Beetroot, stockCategory=Vegetable, stockQuantity=7, zoneId=19, vendorId=10)
2025-06-11T17:01:42.786+05:30  INFO 3692 --- [StockManagement] [http-nio-1112-exec-6] com.cts.wios.service.StockServiceImpl    : Viewing stock with ID: 15
2025-06-11T17:01:42.797+05:30  INFO 3692 --- [StockManagement] [http-nio-1112-exec-6] com.cts.wios.service.StockServiceImpl    : Stock found: Stock(stockId=15, stockName=Straw berry, stockCategory=fruits, stockQuantity=20, zoneId=18, vendorId=14)
2025-06-11T17:01:42.798+05:30  INFO 3692 --- [StockManagement] [http-nio-1112-exec-3] com.cts.wios.service.StockServiceImpl    : Viewing stock with ID: 13
2025-06-11T17:01:42.801+05:30  INFO 3692 --- [StockManagement] [http-nio-1112-exec-5] com.cts.wios.service.StockServiceImpl    : Viewing stock with ID: 14
2025-06-11T17:01:42.806+05:30  INFO 3692 --- [StockManagement] [http-nio-1112-exec-3] com.cts.wios.service.StockServiceImpl    : Stock found: Stock(stockId=13, stockName=Beetroot, stockCategory=Vegetable, stockQuantity=7, zoneId=19, vendorId=10)
2025-06-11T17:01:42.813+05:30  INFO 3692 --- [StockManagement] [http-nio-1112-exec-10] com.cts.wios.service.StockServiceImpl    : Viewing stock with ID: 16
2025-06-11T17:01:42.815+05:30  INFO 3692 --- [StockManagement] [http-nio-1112-exec-5] com.cts.wios.service.StockServiceImpl    : Stock found: Stock(stockId=14, stockName=Apple, stockCategory=Fruits, stockQuantity=100, zoneId=18, vendorId=12)
2025-06-11T17:01:42.821+05:30  INFO 3692 --- [StockManagement] [http-nio-1112-exec-10] com.cts.wios.service.StockServiceImpl    : Stock found: Stock(stockId=16, stockName=charger cables, stockCategory=wires, stockQuantity=0, zoneId=20, vendorId=9)
2025-06-11T17:01:42.827+05:30  INFO 3692 --- [StockManagement] [http-nio-1112-exec-7] com.cts.wios.service.StockServiceImpl    : Viewing stock with ID: 13
2025-06-11T17:01:42.839+05:30  INFO 3692 --- [StockManagement] [http-nio-1112-exec-7] com.cts.wios.service.StockServiceImpl    : Stock found: Stock(stockId=13, stockName=Beetroot, stockCategory=Vegetable, stockQuantity=7, zoneId=19, vendorId=10)
2025-06-11T17:04:18.217+05:30  INFO 3692 --- [StockManagement] [AsyncResolver-bootstrap-executor-%d] c.n.d.s.r.aws.ConfigClusterResolver      : Resolving eureka endpoints via configuration
2025-06-11T17:07:05.518+05:30  INFO 3692 --- [StockManagement] [http-nio-1112-exec-9] com.cts.wios.service.StockServiceImpl    : Getting all stocks
2025-06-11T17:07:05.648+05:30  INFO 3692 --- [StockManagement] [http-nio-1112-exec-4] com.cts.wios.service.StockServiceImpl    : Viewing stock with ID: 13
2025-06-11T17:07:05.662+05:30  INFO 3692 --- [StockManagement] [http-nio-1112-exec-4] com.cts.wios.service.StockServiceImpl    : Stock found: Stock(stockId=13, stockName=Beetroot, stockCategory=Vegetable, stockQuantity=7, zoneId=19, vendorId=10)
2025-06-11T17:07:05.665+05:30  INFO 3692 --- [StockManagement] [http-nio-1112-exec-6] com.cts.wios.service.StockServiceImpl    : Viewing stock with ID: 15
2025-06-11T17:07:05.673+05:30  INFO 3692 --- [StockManagement] [http-nio-1112-exec-6] com.cts.wios.service.StockServiceImpl    : Stock found: Stock(stockId=15, stockName=Straw berry, stockCategory=fruits, stockQuantity=20, zoneId=18, vendorId=14)
2025-06-11T17:07:05.689+05:30  INFO 3692 --- [StockManagement] [http-nio-1112-exec-3] com.cts.wios.service.StockServiceImpl    : Viewing stock with ID: 13
2025-06-11T17:07:05.695+05:30  INFO 3692 --- [StockManagement] [http-nio-1112-exec-3] com.cts.wios.service.StockServiceImpl    : Stock found: Stock(stockId=13, stockName=Beetroot, stockCategory=Vegetable, stockQuantity=7, zoneId=19, vendorId=10)
2025-06-11T17:07:05.697+05:30  INFO 3692 --- [StockManagement] [http-nio-1112-exec-5] com.cts.wios.service.StockServiceImpl    : Viewing stock with ID: 14
2025-06-11T17:07:05.712+05:30  INFO 3692 --- [StockManagement] [http-nio-1112-exec-5] com.cts.wios.service.StockServiceImpl    : Stock found: Stock(stockId=14, stockName=Apple, stockCategory=Fruits, stockQuantity=100, zoneId=18, vendorId=12)
2025-06-11T17:07:05.713+05:30  INFO 3692 --- [StockManagement] [http-nio-1112-exec-10] com.cts.wios.service.StockServiceImpl    : Viewing stock with ID: 13
2025-06-11T17:07:05.718+05:30  INFO 3692 --- [StockManagement] [http-nio-1112-exec-10] com.cts.wios.service.StockServiceImpl    : Stock found: Stock(stockId=13, stockName=Beetroot, stockCategory=Vegetable, stockQuantity=7, zoneId=19, vendorId=10)
2025-06-11T17:07:05.733+05:30  INFO 3692 --- [StockManagement] [http-nio-1112-exec-7] com.cts.wios.service.StockServiceImpl    : Viewing stock with ID: 16
2025-06-11T17:07:05.736+05:30  INFO 3692 --- [StockManagement] [http-nio-1112-exec-7] com.cts.wios.service.StockServiceImpl    : Stock found: Stock(stockId=16, stockName=charger cables, stockCategory=wires, stockQuantity=0, zoneId=20, vendorId=9)
2025-06-11T17:07:26.671+05:30  INFO 3692 --- [StockManagement] [http-nio-1112-exec-1] com.cts.wios.service.StockServiceImpl    : Getting all stocks
2025-06-11T17:07:26.880+05:30  INFO 3692 --- [StockManagement] [http-nio-1112-exec-2] com.cts.wios.service.StockServiceImpl    : Viewing stock with ID: 15
2025-06-11T17:07:26.889+05:30  INFO 3692 --- [StockManagement] [http-nio-1112-exec-8] com.cts.wios.service.StockServiceImpl    : Viewing stock with ID: 13
2025-06-11T17:07:26.889+05:30  INFO 3692 --- [StockManagement] [http-nio-1112-exec-2] com.cts.wios.service.StockServiceImpl    : Stock found: Stock(stockId=15, stockName=Straw berry, stockCategory=fruits, stockQuantity=20, zoneId=18, vendorId=14)
2025-06-11T17:07:26.897+05:30  INFO 3692 --- [StockManagement] [http-nio-1112-exec-8] com.cts.wios.service.StockServiceImpl    : Stock found: Stock(stockId=13, stockName=Beetroot, stockCategory=Vegetable, stockQuantity=7, zoneId=19, vendorId=10)
2025-06-11T17:07:26.897+05:30  INFO 3692 --- [StockManagement] [http-nio-1112-exec-9] com.cts.wios.service.StockServiceImpl    : Viewing stock with ID: 14
2025-06-11T17:07:26.912+05:30  INFO 3692 --- [StockManagement] [http-nio-1112-exec-9] com.cts.wios.service.StockServiceImpl    : Stock found: Stock(stockId=14, stockName=Apple, stockCategory=Fruits, stockQuantity=100, zoneId=18, vendorId=12)
2025-06-11T17:07:26.912+05:30  INFO 3692 --- [StockManagement] [http-nio-1112-exec-4] com.cts.wios.service.StockServiceImpl    : Viewing stock with ID: 13
2025-06-11T17:07:26.917+05:30  INFO 3692 --- [StockManagement] [http-nio-1112-exec-4] com.cts.wios.service.StockServiceImpl    : Stock found: Stock(stockId=13, stockName=Beetroot, stockCategory=Vegetable, stockQuantity=7, zoneId=19, vendorId=10)
2025-06-11T17:07:26.917+05:30  INFO 3692 --- [StockManagement] [http-nio-1112-exec-6] com.cts.wios.service.StockServiceImpl    : Viewing stock with ID: 16
2025-06-11T17:07:26.927+05:30  INFO 3692 --- [StockManagement] [http-nio-1112-exec-3] com.cts.wios.service.StockServiceImpl    : Viewing stock with ID: 13
2025-06-11T17:07:26.927+05:30  INFO 3692 --- [StockManagement] [http-nio-1112-exec-6] com.cts.wios.service.StockServiceImpl    : Stock found: Stock(stockId=16, stockName=charger cables, stockCategory=wires, stockQuantity=0, zoneId=20, vendorId=9)
2025-06-11T17:07:26.927+05:30  INFO 3692 --- [StockManagement] [http-nio-1112-exec-3] com.cts.wios.service.StockServiceImpl    : Stock found: Stock(stockId=13, stockName=Beetroot, stockCategory=Vegetable, stockQuantity=7, zoneId=19, vendorId=10)
2025-06-11T17:07:49.233+05:30  INFO 3692 --- [StockManagement] [http-nio-1112-exec-5] com.cts.wios.service.StockServiceImpl    : Viewing stock with ID: 15
2025-06-11T17:07:49.244+05:30  INFO 3692 --- [StockManagement] [http-nio-1112-exec-5] com.cts.wios.service.StockServiceImpl    : Stock found: Stock(stockId=15, stockName=Straw berry, stockCategory=fruits, stockQuantity=20, zoneId=18, vendorId=14)
2025-06-11T17:07:49.390+05:30  INFO 3692 --- [StockManagement] [http-nio-1112-exec-10] com.cts.wios.service.StockServiceImpl    : Viewing stock with ID: 15
2025-06-11T17:07:49.396+05:30  INFO 3692 --- [StockManagement] [http-nio-1112-exec-10] com.cts.wios.service.StockServiceImpl    : Stock found: Stock(stockId=15, stockName=Straw berry, stockCategory=fruits, stockQuantity=20, zoneId=18, vendorId=14)
2025-06-11T17:07:49.407+05:30  INFO 3692 --- [StockManagement] [http-nio-1112-exec-7] com.cts.wios.service.StockServiceImpl    : Updating stock for outbound: Stock(stockId=15, stockName=Straw berry, stockCategory=fruits, stockQuantity=10, zoneId=18, vendorId=14)
2025-06-11T17:07:49.407+05:30  INFO 3692 --- [StockManagement] [http-nio-1112-exec-7] com.cts.wios.service.StockServiceImpl    : Viewing stock with ID: 15
2025-06-11T17:07:49.413+05:30  INFO 3692 --- [StockManagement] [http-nio-1112-exec-7] com.cts.wios.service.StockServiceImpl    : Stock found: Stock(stockId=15, stockName=Straw berry, stockCategory=fruits, stockQuantity=20, zoneId=18, vendorId=14)
2025-06-11T17:07:49.413+05:30 ERROR 3692 --- [StockManagement] [http-nio-1112-exec-7] com.cts.wios.service.StockServiceImpl    : IN OUTBOUND old stock for UPDATE..........: Stock(stockId=15, stockName=Straw berry, stockCategory=fruits, stockQuantity=20, zoneId=18, vendorId=14)
2025-06-11T17:07:49.430+05:30 ERROR 3692 --- [StockManagement] [http-nio-1112-exec-7] com.cts.wios.service.StockServiceImpl    : IN OUTBOUND before ZONE UPDATE..........: Zone(zoneId=18, zoneName=Fruits Zone, zoneCapacity=1000, availableSpace=860)
2025-06-11T17:07:49.652+05:30 ERROR 3692 --- [StockManagement] [http-nio-1112-exec-7] com.cts.wios.service.StockServiceImpl    : IN OUTBOUND ZONE UPDATE..........: Zone(zoneId=18, zoneName=Fruits Zone, zoneCapacity=1000, availableSpace=870)
2025-06-11T17:07:49.652+05:30  INFO 3692 --- [StockManagement] [http-nio-1112-exec-7] com.cts.wios.service.StockServiceImpl    : Stock updated for outbound: Stock(stockId=15, stockName=Straw berry, stockCategory=fruits, stockQuantity=10, zoneId=18, vendorId=14)
2025-06-11T17:07:49.752+05:30  INFO 3692 --- [StockManagement] [http-nio-1112-exec-7] com.cts.wios.service.StockServiceImpl    : .......................inside trigger notification
2025-06-11T17:07:49.752+05:30  INFO 3692 --- [StockManagement] [http-nio-1112-exec-7] com.cts.wios.service.StockServiceImpl    : .......................email sending stock:Stock(stockId=15, stockName=Straw berry, stockCategory=fruits, stockQuantity=10, zoneId=18, vendorId=14)
2025-06-11T17:07:49.841+05:30  INFO 3692 --- [StockManagement] [http-nio-1112-exec-7] com.cts.wios.service.StockServiceImpl    : .......................email sending stock name:Straw berry
2025-06-11T17:07:49.841+05:30  INFO 3692 --- [StockManagement] [http-nio-1112-exec-7] com.cts.wios.service.StockServiceImpl    : .......................email sending stock name:10
2025-06-11T17:07:56.260+05:30  INFO 3692 --- [StockManagement] [http-nio-1112-exec-1] com.cts.wios.service.StockServiceImpl    : Getting all stocks
2025-06-11T17:08:09.435+05:30  INFO 3692 --- [StockManagement] [http-nio-1112-exec-2] com.cts.wios.service.StockServiceImpl    : Viewing stock with ID: 15
2025-06-11T17:08:09.441+05:30  INFO 3692 --- [StockManagement] [http-nio-1112-exec-2] com.cts.wios.service.StockServiceImpl    : Stock found: Stock(stockId=15, stockName=Straw berry, stockCategory=fruits, stockQuantity=10, zoneId=18, vendorId=14)
2025-06-11T17:08:09.463+05:30  INFO 3692 --- [StockManagement] [http-nio-1112-exec-8] com.cts.wios.service.StockServiceImpl    : Viewing stock with ID: 15
2025-06-11T17:08:09.467+05:30  INFO 3692 --- [StockManagement] [http-nio-1112-exec-8] com.cts.wios.service.StockServiceImpl    : Stock found: Stock(stockId=15, stockName=Straw berry, stockCategory=fruits, stockQuantity=10, zoneId=18, vendorId=14)
2025-06-11T17:08:09.472+05:30  INFO 3692 --- [StockManagement] [http-nio-1112-exec-9] com.cts.wios.service.StockServiceImpl    : Updating stock for outbound: Stock(stockId=15, stockName=Straw berry, stockCategory=fruits, stockQuantity=9, zoneId=18, vendorId=14)
2025-06-11T17:08:09.473+05:30  INFO 3692 --- [StockManagement] [http-nio-1112-exec-9] com.cts.wios.service.StockServiceImpl    : Viewing stock with ID: 15
2025-06-11T17:08:09.477+05:30  INFO 3692 --- [StockManagement] [http-nio-1112-exec-9] com.cts.wios.service.StockServiceImpl    : Stock found: Stock(stockId=15, stockName=Straw berry, stockCategory=fruits, stockQuantity=10, zoneId=18, vendorId=14)
2025-06-11T17:08:09.477+05:30 ERROR 3692 --- [StockManagement] [http-nio-1112-exec-9] com.cts.wios.service.StockServiceImpl    : IN OUTBOUND old stock for UPDATE..........: Stock(stockId=15, stockName=Straw berry, stockCategory=fruits, stockQuantity=10, zoneId=18, vendorId=14)
2025-06-11T17:08:09.486+05:30 ERROR 3692 --- [StockManagement] [http-nio-1112-exec-9] com.cts.wios.service.StockServiceImpl    : IN OUTBOUND before ZONE UPDATE..........: Zone(zoneId=18, zoneName=Fruits Zone, zoneCapacity=1000, availableSpace=870)
2025-06-11T17:08:09.502+05:30 ERROR 3692 --- [StockManagement] [http-nio-1112-exec-9] com.cts.wios.service.StockServiceImpl    : IN OUTBOUND ZONE UPDATE..........: Zone(zoneId=18, zoneName=Fruits Zone, zoneCapacity=1000, availableSpace=871)
2025-06-11T17:08:09.502+05:30  INFO 3692 --- [StockManagement] [http-nio-1112-exec-9] com.cts.wios.service.StockServiceImpl    : Stock updated for outbound: Stock(stockId=15, stockName=Straw berry, stockCategory=fruits, stockQuantity=9, zoneId=18, vendorId=14)
2025-06-11T17:08:09.511+05:30  INFO 3692 --- [StockManagement] [http-nio-1112-exec-9] com.cts.wios.service.StockServiceImpl    : .......................inside trigger notification
2025-06-11T17:08:09.511+05:30  INFO 3692 --- [StockManagement] [http-nio-1112-exec-9] com.cts.wios.service.StockServiceImpl    : .......................email sending stock:Stock(stockId=15, stockName=Straw berry, stockCategory=fruits, stockQuantity=9, zoneId=18, vendorId=14)
2025-06-11T17:08:09.539+05:30  INFO 3692 --- [StockManagement] [http-nio-1112-exec-9] com.cts.wios.service.StockServiceImpl    : .......................email sending stock name:Straw berry
2025-06-11T17:08:09.539+05:30  INFO 3692 --- [StockManagement] [http-nio-1112-exec-9] com.cts.wios.service.StockServiceImpl    : .......................email sending stock name:9
2025-06-11T17:08:17.403+05:30  INFO 3692 --- [StockManagement] [http-nio-1112-exec-4] com.cts.wios.service.StockServiceImpl    : Getting all stocks
2025-06-11T17:08:19.497+05:30  INFO 3692 --- [StockManagement] [http-nio-1112-exec-6] com.cts.wios.service.StockServiceImpl    : Getting all stocks
2025-06-11T17:08:49.857+05:30 ERROR 3692 --- [StockManagement] [http-nio-1112-exec-7] com.cts.wios.service.StockServiceImpl    : Zone ID not found: 18
2025-06-11T17:08:49.867+05:30  WARN 3692 --- [StockManagement] [http-nio-1112-exec-7] .m.m.a.ExceptionHandlerExceptionResolver : Resolved [com.cts.wios.exceptions.ZoneNotFoundException: Zone ID not found]
2025-06-11T17:09:09.557+05:30 ERROR 3692 --- [StockManagement] [http-nio-1112-exec-9] com.cts.wios.service.StockServiceImpl    : Zone ID not found: 18
2025-06-11T17:09:09.557+05:30  WARN 3692 --- [StockManagement] [http-nio-1112-exec-9] .m.m.a.ExceptionHandlerExceptionResolver : Resolved [com.cts.wios.exceptions.ZoneNotFoundException: Zone ID not found]
2025-06-11T17:09:18.232+05:30  INFO 3692 --- [StockManagement] [AsyncResolver-bootstrap-executor-%d] c.n.d.s.r.aws.ConfigClusterResolver      : Resolving eureka endpoints via configuration
